#
# A fatal error has been detected by the Java Runtime Environment:
#
#  EXCEPTION_ACCESS_VIOLATION (0xc0000005) at pc=0x00000001c48df09b, pid=392, tid=5280
#
# JRE version: Java(TM) SE Runtime Environment (7.0_71-b14) (build 1.7.0_71-b14)
# Java VM: Java HotSpot(TM) 64-Bit Server VM (24.71-b01 mixed mode windows-amd64 compressed oops)
# Problematic frame:
# C  0x00000001c48df09b
#
# Failed to write core dump. Minidumps are not enabled by default on client versions of Windows
#
# If you would like to submit a bug report, please visit:
#   http://bugreport.sun.com/bugreport/crash.jsp
# The crash happened outside the Java Virtual Machine in native code.
# See problematic frame for where to report the bug.
#

---------------  T H R E A D  ---------------

Current thread (0x000000000c7b7000):  JavaThread "Daemon worker Thread 2" [_thread_in_native, id=5280, stack(0x000000000d9b0000,0x000000000dab0000)]

siginfo: ExceptionCode=0xc0000005, ExceptionInformation=0x0000000000000008 0x00000001c48df09b

Registers:
RAX=0x0000000000000000, RBX=0x000000000c7b71e8, RCX=0x0000000000eada30, RDX=0x000000000daaa798
RSP=0x000000000daaa7a0, RBP=0x0000000000000000, RSI=0x000000000c5ced50, RDI=0x0000000000000000
R8 =0x000000018006eb38, R9 =0x0000000000008000, R10=0x0000000056ce5f80, R11=0x0000000056ce5f80
R12=0x0000000000000001, R13=0x000000000daaa9b8, R14=0x000000000c46c020, R15=0x0000000000000001
RIP=0x00000001c48df09b, EFLAGS=0x0000000000010206

Top of Stack: (sp=0x000000000daaa7a0)
0x000000000daaa7a0:   0000000000000000 000000000daa00e8
0x000000000daaa7b0:   fffffffffffffffe 000000000daaa808
0x000000000daaa7c0:   000000000c7b71e8 000000018002dbf2
0x000000000daaa7d0:   000000018006eac0 0000000000eada30
0x000000000daaa7e0:   0000000000fe70c0 0000000000fe70c0
0x000000000daaa7f0:   0000000000000000 000000000daa00b8
0x000000000daaa800:   fffffffffffffffe 0000000000000001
0x000000000daaa810:   000000000c46c020 000000018002db42
0x000000000daaa820:   0000000000eada30 0000000000eada30
0x000000000daaa830:   000000000c7b71e8 0000000056208d94
0x000000000daaa840:   000000000c2f28e0 000000000c2f28e0
0x000000000daaa850:   000000000c5ced50 000000000c2f28e0
0x000000000daaa860:   000000000c7b71e8 0000000056573702
0x000000000daaa870:   0000000000eada30 000000000c7b71e8
0x000000000daaa880:   000000000c2f28e0 000000000c5ced50
0x000000000daaa890:   0000000000000001 0000000000eada30 

Instructions: (pc=0x00000001c48df09b)
0x00000001c48df07b:   
[error occurred during error reporting (printing registers, top of stack, instructions near pc), id 0xc0000005]

Register to memory mapping:

RAX=0x0000000000000000 is an unknown value
RBX=0x000000000c7b71e8 is an unknown value
RCX=0x0000000000eada30 is an unknown value
RDX=0x000000000daaa798 is pointing into the stack for thread: 0x000000000c7b7000
RSP=0x000000000daaa7a0 is pointing into the stack for thread: 0x000000000c7b7000
RBP=0x0000000000000000 is an unknown value
RSI=0x000000000c5ced50 is an unknown value
RDI=0x0000000000000000 is an unknown value
R8 =0x000000018006eb38 is an unknown value
R9 =0x0000000000008000 is an unknown value
R10=0x0000000056ce5f80 is an unknown value
R11=0x0000000056ce5f80 is an unknown value
R12=0x0000000000000001 is an unknown value
R13=0x000000000daaa9b8 is pointing into the stack for thread: 0x000000000c7b7000
R14=0x000000000c46c020 is an unknown value
R15=0x0000000000000001 is an unknown value


Stack: [0x000000000d9b0000,0x000000000dab0000],  sp=0x000000000daaa7a0,  free space=1001k
Native frames: (J=compiled Java code, j=interpreted, Vv=VM code, C=native code)
C  0x00000001c48df09b

[error occurred during error reporting (printing native stack), id 0xc0000005]

Java frames: (J=compiled Java code, j=interpreted, Vv=VM code)
j  java.net.Inet6AddressImpl.lookupAllHostAddr(Ljava/lang/String;)[Ljava/net/InetAddress;+0
j  java.net.InetAddress$1.lookupAllHostAddr(Ljava/lang/String;)[Ljava/net/InetAddress;+4
j  java.net.InetAddress.getAddressesFromNameService(Ljava/lang/String;Ljava/net/InetAddress;)[Ljava/net/InetAddress;+51
j  java.net.InetAddress.getAllByName0(Ljava/lang/String;Ljava/net/InetAddress;Z)[Ljava/net/InetAddress;+29
j  java.net.InetAddress.getAllByName(Ljava/lang/String;Ljava/net/InetAddress;)[Ljava/net/InetAddress;+343
j  java.net.InetAddress.getAllByName(Ljava/lang/String;)[Ljava/net/InetAddress;+2
j  org.apache.http.impl.conn.SystemDefaultDnsResolver.resolve(Ljava/lang/String;)[Ljava/net/InetAddress;+1
j  org.apache.http.impl.conn.DefaultClientConnectionOperator.resolveHostname(Ljava/lang/String;)[Ljava/net/InetAddress;+5
j  org.apache.http.impl.conn.DefaultClientConnectionOperator.openConnection(Lorg/apache/http/conn/OperatedClientConnection;Lorg/apache/http/HttpHost;Ljava/net/InetAddress;Lorg/apache/http/protocol/HttpContext;Lorg/apache/http/params/HttpParams;)V+87
j  org.apache.http.impl.conn.ManagedClientConnectionImpl.open(Lorg/apache/http/conn/routing/HttpRoute;Lorg/apache/http/protocol/HttpContext;Lorg/apache/http/params/HttpParams;)V+133
j  org.apache.http.impl.client.DefaultRequestDirector.tryConnect(Lorg/apache/http/impl/client/RoutedRequest;Lorg/apache/http/protocol/HttpContext;)V+49
j  org.apache.http.impl.client.DefaultRequestDirector.execute(Lorg/apache/http/HttpHost;Lorg/apache/http/HttpRequest;Lorg/apache/http/protocol/HttpContext;)Lorg/apache/http/HttpResponse;+367
j  org.apache.http.impl.client.AbstractHttpClient.execute(Lorg/apache/http/HttpHost;Lorg/apache/http/HttpRequest;Lorg/apache/http/protocol/HttpContext;)Lorg/apache/http/HttpResponse;+344
j  org.apache.http.impl.client.DecompressingHttpClient.execute(Lorg/apache/http/HttpHost;Lorg/apache/http/HttpRequest;Lorg/apache/http/protocol/HttpContext;)Lorg/apache/http/HttpResponse;+65
j  org.apache.http.impl.client.DecompressingHttpClient.execute(Lorg/apache/http/client/methods/HttpUriRequest;Lorg/apache/http/protocol/HttpContext;)Lorg/apache/http/HttpResponse;+8
j  org.gradle.internal.resource.transport.http.HttpClientHelper.performHttpRequest(Lorg/apache/http/client/methods/HttpRequestBase;)Lorg/apache/http/HttpResponse;+37
j  org.gradle.internal.resource.transport.http.HttpClientHelper.executeGetOrHead(Lorg/apache/http/client/methods/HttpRequestBase;)Lorg/apache/http/HttpResponse;+2
j  org.gradle.internal.resource.transport.http.HttpClientHelper.performRequest(Lorg/apache/http/client/methods/HttpRequestBase;)Lorg/apache/http/HttpResponse;+7
j  org.gradle.internal.resource.transport.http.HttpClientHelper.performRawGet(Ljava/lang/String;)Lorg/apache/http/HttpResponse;+9
j  org.gradle.internal.resource.transport.http.HttpClientHelper.performGet(Ljava/lang/String;)Lorg/apache/http/HttpResponse;+6
j  org.gradle.internal.resource.transport.http.HttpResourceAccessor.getResource(Ljava/net/URI;)Lorg/gradle/internal/resource/transport/http/HttpResponseResource;+25
j  org.gradle.internal.resource.transport.http.HttpResourceAccessor.getResource(Ljava/net/URI;)Lorg/gradle/internal/resource/ExternalResource;+2
j  org.gradle.internal.resource.transfer.ProgressLoggingExternalResourceAccessor.getResource(Ljava/net/URI;)Lorg/gradle/internal/resource/ExternalResource;+5
j  org.gradle.internal.resource.transfer.DefaultCacheAwareExternalResourceAccessor.getResource(Ljava/net/URI;Lorg/gradle/internal/resource/transfer/CacheAwareExternalResourceAccessor$ResourceFileStore;Lorg/gradle/internal/resource/local/LocallyAvailableResourceCandidates;)Lorg/gradle/internal/resource/LocallyAvailableExternalResource;+52
j  org.gradle.api.internal.artifacts.repositories.resolver.DefaultExternalResourceArtifactResolver.downloadStaticResource(Ljava/util/List;Lorg/gradle/internal/component/external/model/ModuleComponentArtifactMetaData;Lorg/gradle/internal/resolve/result/ResourceAwareResolveResult;)Lorg/gradle/internal/resource/LocallyAvailableExternalResource;+92
j  org.gradle.api.internal.artifacts.repositories.resolver.DefaultExternalResourceArtifactResolver.resolveMetaDataArtifact(Lorg/gradle/internal/component/external/model/ModuleComponentArtifactMetaData;Lorg/gradle/internal/resolve/result/ResourceAwareResolveResult;)Lorg/gradle/internal/resource/LocallyAvailableExternalResource;+7
j  org.gradle.api.internal.artifacts.repositories.resolver.ExternalResourceResolver.parseMetaDataFromArtifact(Lorg/gradle/api/artifacts/component/ModuleComponentIdentifier;Lorg/gradle/api/internal/artifacts/repositories/resolver/ExternalResourceArtifactResolver;Lorg/gradle/internal/resolve/result/ResourceAwareResolveResult;)Lorg/gradle/internal/component/external/model/MutableModuleComponentResolveMetaData;+11
j  org.gradle.api.internal.artifacts.repositories.resolver.ExternalResourceResolver.resolveStaticDependency(Lorg/gradle/internal/component/model/DependencyMetaData;Lorg/gradle/api/artifacts/component/ModuleComponentIdentifier;Lorg/gradle/internal/resolve/result/BuildableModuleComponentMetaDataResolveResult;Lorg/gradle/api/internal/artifacts/repositories/resolver/ExternalResourceArtifactResolver;)V+5
j  org.gradle.api.internal.artifacts.repositories.resolver.MavenResolver.doResolveComponentMetaData(Lorg/gradle/internal/component/model/DependencyMetaData;Lorg/gradle/api/artifacts/component/ModuleComponentIdentifier;Lorg/gradle/internal/resolve/result/BuildableModuleComponentMetaDataResolveResult;)V+39
j  org.gradle.api.internal.artifacts.repositories.resolver.ExternalResourceResolver$RemoteRepositoryAccess.resolveComponentMetaData(Lorg/gradle/internal/component/model/DependencyMetaData;Lorg/gradle/api/artifacts/component/ModuleComponentIdentifier;Lorg/gradle/internal/resolve/result/BuildableModuleComponentMetaDataResolveResult;)V+7
j  org.gradle.api.internal.artifacts.ivyservice.ivyresolve.CacheLockReleasingModuleComponentsRepository$LockReleasingRepositoryAccess$2.run()V+19
j  org.gradle.internal.Factories$1.create()Ljava/lang/Object;+4
j  org.gradle.cache.internal.DefaultCacheAccess.longRunningOperation(Ljava/lang/String;Lorg/gradle/internal/Factory;)Ljava/lang/Object;+7
j  org.gradle.cache.internal.DefaultCacheAccess.longRunningOperation(Ljava/lang/String;Ljava/lang/Runnable;)V+6
j  org.gradle.cache.internal.DefaultPersistentDirectoryStore.longRunningOperation(Ljava/lang/String;Ljava/lang/Runnable;)V+6
j  org.gradle.cache.internal.DefaultCacheFactory$ReferenceTrackingCache.longRunningOperation(Ljava/lang/String;Ljava/lang/Runnable;)V+9
j  org.gradle.api.internal.artifacts.ivyservice.DefaultCacheLockingManager.longRunningOperation(Ljava/lang/String;Ljava/lang/Runnable;)V+6
j  org.gradle.api.internal.artifacts.ivyservice.ivyresolve.CacheLockReleasingModuleComponentsRepository$LockReleasingRepositoryAccess.resolveComponentMetaData(Lorg/gradle/internal/component/model/DependencyMetaData;Lorg/gradle/api/artifacts/component/ModuleComponentIdentifier;Lorg/gradle/internal/resolve/result/BuildableModuleComponentMetaDataResolveResult;)V+35
j  org.gradle.api.internal.artifacts.ivyservice.ivyresolve.CachingModuleComponentRepository$ResolveAndCacheRepositoryAccess.resolveComponentMetaData(Lorg/gradle/internal/component/model/DependencyMetaData;Lorg/gradle/api/artifacts/component/ModuleComponentIdentifier;Lorg/gradle/internal/resolve/result/BuildableModuleComponentMetaDataResolveResult;)V+24
j  org.gradle.api.internal.artifacts.ivyservice.ivyresolve.BaseModuleComponentRepositoryAccess.resolveComponentMetaData(Lorg/gradle/internal/component/model/DependencyMetaData;Lorg/gradle/api/artifacts/component/ModuleComponentIdentifier;Lorg/gradle/internal/resolve/result/BuildableModuleComponentMetaDataResolveResult;)V+7
j  org.gradle.api.internal.artifacts.ivyservice.ivyresolve.memcache.InMemoryCachedModuleComponentRepository$CachedAccess.resolveComponentMetaData(Lorg/gradle/internal/component/model/DependencyMetaData;Lorg/gradle/api/artifacts/component/ModuleComponentIdentifier;Lorg/gradle/internal/resolve/result/BuildableModuleComponentMetaDataResolveResult;)V+16
j  org.gradle.api.internal.artifacts.ivyservice.ivyresolve.ComponentMetaDataResolveState.process(Lorg/gradle/internal/component/model/DependencyMetaData;Lorg/gradle/api/artifacts/component/ModuleComponentIdentifier;Lorg/gradle/api/internal/artifacts/ivyservice/ivyresolve/ModuleComponentRepositoryAccess;Lorg/gradle/internal/resolve/result/BuildableModuleComponentMetaDataResolveResult;)V+5
j  org.gradle.api.internal.artifacts.ivyservice.ivyresolve.ComponentMetaDataResolveState.resolve()Lorg/gradle/internal/resolve/result/BuildableModuleComponentMetaDataResolveResult;+104
j  org.gradle.api.internal.artifacts.ivyservice.ivyresolve.RepositoryChainDependencyResolver.findBestMatch(Ljava/util/LinkedList;Ljava/util/Collection;Ljava/util/Collection;)Lorg/gradle/api/internal/artifacts/ivyservice/ivyresolve/RepositoryChainModuleResolution;+21
J 1723 C2 org.gradle.api.internal.artifacts.ivyservice.ivyresolve.RepositoryChainDependencyResolver.resolve(Lorg/gradle/internal/component/model/DependencyMetaData;Lorg/gradle/internal/resolve/result/BuildableComponentResolveResult;)V (341 bytes) @ 0x00000000030afd94 [0x00000000030aefe0+0xdb4]
j  org.gradle.api.internal.artifacts.ivyservice.ivyresolve.RepositoryChainAdapter.resolve(Lorg/gradle/internal/component/model/DependencyMetaData;Lorg/gradle/api/artifacts/component/ComponentIdentifier;Lorg/gradle/internal/resolve/result/BuildableComponentResolveResult;)V+64
j  org.gradle.api.internal.artifacts.ivyservice.clientmodule.ClientModuleResolver.resolve(Lorg/gradle/internal/component/model/DependencyMetaData;Lorg/gradle/api/artifacts/component/ComponentIdentifier;Lorg/gradle/internal/resolve/result/BuildableComponentResolveResult;)V+7
j  org.gradle.api.internal.artifacts.ivyservice.resolveengine.graph.DependencyGraphBuilder$ModuleVersionResolveState.resolve()V+89
J 1588 C2 org.gradle.api.internal.artifacts.ivyservice.resolveengine.graph.DependencyGraphBuilder$DependencyEdge.attachToTargetConfigurations()V (79 bytes) @ 0x0000000003071200 [0x0000000003070300+0xf00]
j  org.gradle.api.internal.artifacts.ivyservice.resolveengine.graph.DependencyGraphBuilder$DependencyEdge.restart(Lorg/gradle/api/internal/artifacts/ivyservice/resolveengine/graph/DependencyGraphBuilder$ModuleVersionResolveState;)V+6
j  org.gradle.api.internal.artifacts.ivyservice.resolveengine.graph.DependencyGraphBuilder$ConfigurationNode.restart(Lorg/gradle/api/internal/artifacts/ivyservice/resolveengine/graph/DependencyGraphBuilder$ModuleVersionResolveState;)V+50
j  org.gradle.api.internal.artifacts.ivyservice.resolveengine.graph.DependencyGraphBuilder$ModuleVersionResolveState.restart(Lorg/gradle/api/internal/artifacts/ivyservice/resolveengine/graph/DependencyGraphBuilder$ModuleVersionResolveState;)V+31
j  org.gradle.api.internal.artifacts.ivyservice.resolveengine.graph.DependencyGraphBuilder$ModuleResolveState.restart(Lorg/gradle/api/internal/artifacts/ivyservice/resolveengine/graph/DependencyGraphBuilder$ModuleVersionResolveState;)V+41
j  org.gradle.api.internal.artifacts.ivyservice.resolveengine.graph.DependencyGraphBuilder$2$1.execute(Lorg/gradle/api/artifacts/ModuleIdentifier;)V+25
j  org.gradle.api.internal.artifacts.ivyservice.resolveengine.graph.DependencyGraphBuilder$2$1.execute(Ljava/lang/Object;)V+5
j  org.gradle.api.internal.artifacts.ivyservice.resolveengine.graph.conflicts.PotentialConflictFactory$1.withParticipatingModules(Lorg/gradle/api/Action;)V+55
j  org.gradle.api.internal.artifacts.ivyservice.resolveengine.graph.DependencyGraphBuilder$2.execute(Lorg/gradle/api/internal/artifacts/ivyservice/resolveengine/graph/conflicts/ConflictResolutionResult;)V+15
j  org.gradle.api.internal.artifacts.ivyservice.resolveengine.graph.DependencyGraphBuilder$2.execute(Ljava/lang/Object;)V+5
j  org.gradle.api.internal.artifacts.ivyservice.resolveengine.graph.conflicts.DefaultConflictHandler.resolveNextConflict(Lorg/gradle/api/Action;)V+58
J 1770 C2 org.gradle.api.internal.artifacts.ivyservice.resolveengine.graph.DependencyGraphBuilder.traverseGraph(Lorg/gradle/api/internal/artifacts/ivyservice/resolveengine/graph/DependencyGraphBuilder$ResolveState;Lorg/gradle/api/internal/artifacts/ivyservice/resolveengine/graph/conflicts/ConflictHandler;)V (257 bytes) @ 0x00000000030cd470 [0x00000000030cc560+0xf10]
j  org.gradle.api.internal.artifacts.ivyservice.resolveengine.graph.DependencyGraphBuilder.resolveDependencyGraph(Lorg/gradle/api/internal/artifacts/configurations/ConfigurationInternal;Lorg/gradle/api/internal/artifacts/ivyservice/resolveengine/graph/DependencyGraphVisitor;)V+94
j  org.gradle.api.internal.artifacts.ivyservice.resolveengine.graph.DependencyGraphBuilder.resolve(Lorg/gradle/api/internal/artifacts/configurations/ConfigurationInternal;Lorg/gradle/api/internal/artifacts/ivyservice/resolveengine/result/ResolutionResultBuilder;Lorg/gradle/api/internal/artifacts/ivyservice/resolveengine/oldresult/ResolvedConfigurationBuilder;)V+51
j  org.gradle.api.internal.artifacts.ivyservice.resolveengine.DefaultDependencyResolver$1.execute(Lorg/apache/ivy/Ivy;)V+314
j  org.gradle.api.internal.artifacts.ivyservice.resolveengine.DefaultDependencyResolver$1.execute(Ljava/lang/Object;)V+5
j  org.gradle.internal.Transformers$4.transform(Ljava/lang/Object;)Ljava/lang/Object;+5
j  org.gradle.api.internal.artifacts.ivyservice.DefaultIvyContextManager.withIvy(Lorg/gradle/api/Transformer;)Ljava/lang/Object;+96
j  org.gradle.api.internal.artifacts.ivyservice.DefaultIvyContextManager.withIvy(Lorg/gradle/api/Action;)V+5
j  org.gradle.api.internal.artifacts.ivyservice.resolveengine.DefaultDependencyResolver.resolve(Lorg/gradle/api/internal/artifacts/configurations/ConfigurationInternal;Ljava/util/List;Lorg/gradle/api/internal/artifacts/GlobalDependencyResolutionRules;Lorg/gradle/api/internal/artifacts/ResolverResults;)V+28
j  org.gradle.api.internal.artifacts.ivyservice.CacheLockingArtifactDependencyResolver$1.run()V+23
j  org.gradle.internal.Factories$1.create()Ljava/lang/Object;+4
j  org.gradle.cache.internal.DefaultCacheAccess.useCache(Ljava/lang/String;Lorg/gradle/internal/Factory;)Ljava/lang/Object;+45
j  org.gradle.cache.internal.DefaultCacheAccess.useCache(Ljava/lang/String;Ljava/lang/Runnable;)V+6
j  org.gradle.cache.internal.DefaultPersistentDirectoryStore.useCache(Ljava/lang/String;Ljava/lang/Runnable;)V+6
j  org.gradle.cache.internal.DefaultCacheFactory$ReferenceTrackingCache.useCache(Ljava/lang/String;Ljava/lang/Runnable;)V+9
j  org.gradle.api.internal.artifacts.ivyservice.DefaultCacheLockingManager.useCache(Ljava/lang/String;Ljava/lang/Runnable;)V+6
j  org.gradle.api.internal.artifacts.ivyservice.CacheLockingArtifactDependencyResolver.resolve(Lorg/gradle/api/internal/artifacts/configurations/ConfigurationInternal;Ljava/util/List;Lorg/gradle/api/internal/artifacts/GlobalDependencyResolutionRules;Lorg/gradle/api/internal/artifacts/ResolverResults;)V+30
j  org.gradle.api.internal.artifacts.ivyservice.SelfResolvingDependencyResolver.resolve(Lorg/gradle/api/internal/artifacts/configurations/ConfigurationInternal;Ljava/util/List;Lorg/gradle/api/internal/artifacts/GlobalDependencyResolutionRules;Lorg/gradle/api/internal/artifacts/ResolverResults;)V+9
j  org.gradle.api.internal.artifacts.ivyservice.ShortcircuitEmptyConfigsArtifactDependencyResolver.resolve(Lorg/gradle/api/internal/artifacts/configurations/ConfigurationInternal;Ljava/util/List;Lorg/gradle/api/internal/artifacts/GlobalDependencyResolutionRules;Lorg/gradle/api/internal/artifacts/ResolverResults;)V+88
j  org.gradle.api.internal.artifacts.ivyservice.ErrorHandlingArtifactDependencyResolver.resolve(Lorg/gradle/api/internal/artifacts/configurations/ConfigurationInternal;Ljava/util/List;Lorg/gradle/api/internal/artifacts/GlobalDependencyResolutionRules;Lorg/gradle/api/internal/artifacts/ResolverResults;)V+9
j  org.gradle.api.internal.artifacts.ivyservice.DefaultConfigurationResolver.resolve(Lorg/gradle/api/internal/artifacts/configurations/ConfigurationInternal;)Lorg/gradle/api/internal/artifacts/ResolverResults;+33
j  org.gradle.api.internal.artifacts.configurations.DefaultConfiguration.resolveNow()V+40
j  org.gradle.api.internal.artifacts.configurations.DefaultConfiguration.getResolvedConfiguration()Lorg/gradle/api/artifacts/ResolvedConfiguration;+1
j  org.gradle.api.internal.artifacts.configurations.DefaultConfiguration_Decorated.getResolvedConfiguration()Lorg/gradle/api/artifacts/ResolvedConfiguration;+7
j  com.android.build.gradle.internal.DependencyManager.collectArtifacts(Lorg/gradle/api/artifacts/Configuration;Ljava/util/Map;)V+33
j  com.android.build.gradle.internal.DependencyManager.resolveDependencyForConfig(Lcom/android/build/gradle/internal/dependency/VariantDependencies;Lcom/android/build/gradle/internal/dependency/VariantDependencies;Lcom/google/common/collect/Multimap;)V+237
j  com.android.build.gradle.internal.DependencyManager.resolveDependencies(Lcom/android/build/gradle/internal/dependency/VariantDependencies;Lcom/android/build/gradle/internal/dependency/VariantDependencies;)V+24
j  com.android.build.gradle.internal.TaskManager.resolveDependencies(Lcom/android/build/gradle/internal/dependency/VariantDependencies;Lcom/android/build/gradle/internal/dependency/VariantDependencies;)V+6
j  com.android.build.gradle.internal.VariantManager.createVariantData(Lcom/android/builder/model/BuildType;Ljava/util/List;Lcom/android/builder/model/SigningConfig;)Lcom/android/build/gradle/internal/variant/BaseVariantData;+626
j  com.android.build.gradle.internal.VariantManager.createVariantDataForProductFlavors(Lcom/android/builder/model/SigningConfig;Ljava/util/List;)V+168
j  com.android.build.gradle.internal.VariantManager.populateVariantDataList(Lcom/android/builder/model/SigningConfig;)V+24
j  com.android.build.gradle.internal.VariantManager.createAndroidTasks(Lcom/android/builder/model/SigningConfig;)V+31
j  com.android.build.gradle.BasePlugin.createAndroidTasks(Z)V+269
j  com.android.build.gradle.BasePlugin$_createTasks_closure9.doCall(Ljava/lang/Object;)Ljava/lang/Object;+34
v  ~StubRoutines::call_stub
j  sun.reflect.NativeMethodAccessorImpl.invoke0(Ljava/lang/reflect/Method;Ljava/lang/Object;[Ljava/lang/Object;)Ljava/lang/Object;+0
j  sun.reflect.NativeMethodAccessorImpl.invoke(Ljava/lang/Object;[Ljava/lang/Object;)Ljava/lang/Object;+87
J 1412 C2 org.codehaus.groovy.reflection.CachedMethod.invoke(Ljava/lang/Object;[Ljava/lang/Object;)Ljava/lang/Object; (70 bytes) @ 0x0000000002f3575c [0x0000000002f356e0+0x7c]
j  groovy.lang.MetaMethod.doMethodInvoke(Ljava/lang/Object;[Ljava/lang/Object;)Ljava/lang/Object;+9
j  org.codehaus.groovy.runtime.metaclass.ClosureMetaClass.invokeMethod(Ljava/lang/Class;Ljava/lang/Object;Ljava/lang/String;[Ljava/lang/Object;ZZ)Ljava/lang/Object;+241
j  groovy.lang.MetaClassImpl.invokeMethod(Ljava/lang/Object;Ljava/lang/String;[Ljava/lang/Object;)Ljava/lang/Object;+10
j  groovy.lang.Closure.call([Ljava/lang/Object;)Ljava/lang/Object;+8
j  org.gradle.listener.ClosureBackedMethodInvocationDispatch.dispatch(Lorg/gradle/messaging/dispatch/MethodInvocation;)V+62
j  org.gradle.listener.ClosureBackedMethodInvocationDispatch.dispatch(Ljava/lang/Object;)V+5
J 1569 C2 org.gradle.listener.BroadcastDispatch.dispatch(Lorg/gradle/messaging/dispatch/MethodInvocation;)V (147 bytes) @ 0x000000000304910c [0x0000000003048ce0+0x42c]
j  org.gradle.listener.BroadcastDispatch.dispatch(Ljava/lang/Object;)V+5
j  org.gradle.messaging.dispatch.ProxyDispatchAdapter$DispatchingInvocationHandler.invoke(Ljava/lang/Object;Ljava/lang/reflect/Method;[Ljava/lang/Object;)Ljava/lang/Object;+172
j  com.sun.proxy.$Proxy12.afterEvaluate(Lorg/gradle/api/Project;Lorg/gradle/api/ProjectState;)V+20
j  org.gradle.configuration.project.LifecycleProjectEvaluator.notifyAfterEvaluate(Lorg/gradle/api/ProjectEvaluationListener;Lorg/gradle/api/internal/project/ProjectInternal;Lorg/gradle/api/internal/project/ProjectStateInternal;)V+3
j  org.gradle.configuration.project.LifecycleProjectEvaluator.evaluate(Lorg/gradle/api/internal/project/ProjectInternal;Lorg/gradle/api/internal/project/ProjectStateInternal;)V+72
j  org.gradle.api.internal.project.AbstractProject.evaluate()Lorg/gradle/api/internal/project/AbstractProject;+9
j  org.gradle.api.internal.project.AbstractProject.evaluate()Lorg/gradle/api/Project;+1
j  org.gradle.execution.TaskPathProjectEvaluator.configureHierarchy(Lorg/gradle/api/internal/project/ProjectInternal;)V+82
j  org.gradle.configuration.DefaultBuildConfigurer.configure(Lorg/gradle/api/internal/GradleInternal;)V+50
j  org.gradle.initialization.DefaultGradleLauncher.doBuildStages(Lorg/gradle/initialization/DefaultGradleLauncher$Stage;)V+85
j  org.gradle.initialization.DefaultGradleLauncher.doBuild(Lorg/gradle/initialization/DefaultGradleLauncher$Stage;)Lorg/gradle/BuildResult;+27
j  org.gradle.initialization.DefaultGradleLauncher.getBuildAnalysis()Lorg/gradle/BuildResult;+4
j  org.gradle.launcher.exec.InProcessBuildActionExecuter$DefaultBuildController.configure()Lorg/gradle/api/internal/GradleInternal;+5
j  org.gradle.tooling.internal.provider.ClientProvidedBuildAction.run(Lorg/gradle/initialization/BuildController;)Lorg/gradle/tooling/internal/provider/BuildActionResult;+39
j  org.gradle.tooling.internal.provider.ClientProvidedBuildAction.run(Lorg/gradle/initialization/BuildController;)Ljava/lang/Object;+2
j  org.gradle.tooling.internal.provider.ConfiguringBuildAction.run(Lorg/gradle/initialization/BuildController;)Ljava/lang/Object;+15
j  org.gradle.launcher.exec.InProcessBuildActionExecuter.execute(Lorg/gradle/initialization/BuildAction;Lorg/gradle/initialization/BuildCancellationToken;Lorg/gradle/launcher/exec/BuildActionParameters;)Ljava/lang/Object;+19
j  org.gradle.launcher.exec.InProcessBuildActionExecuter.execute(Lorg/gradle/initialization/BuildAction;Lorg/gradle/initialization/BuildCancellationToken;Ljava/lang/Object;)Ljava/lang/Object;+7
j  org.gradle.launcher.daemon.server.exec.ExecuteBuild.doBuild(Lorg/gradle/launcher/daemon/server/exec/DaemonCommandExecution;Lorg/gradle/launcher/daemon/protocol/Build;)V+47
j  org.gradle.launcher.daemon.server.exec.BuildCommandOnly.execute(Lorg/gradle/launcher/daemon/server/exec/DaemonCommandExecution;)V+49
j  org.gradle.launcher.daemon.server.exec.DaemonCommandExecution.proceed()Z+28
j  org.gradle.launcher.daemon.server.exec.WatchForDisconnection.execute(Lorg/gradle/launcher/daemon/server/exec/DaemonCommandExecution;)V+19
j  org.gradle.launcher.daemon.server.exec.DaemonCommandExecution.proceed()Z+28
j  org.gradle.launcher.daemon.server.exec.ResetDeprecationLogger.execute(Lorg/gradle/launcher/daemon/server/exec/DaemonCommandExecution;)V+4
j  org.gradle.launcher.daemon.server.exec.DaemonCommandExecution.proceed()Z+28
j  org.gradle.launcher.daemon.server.exec.StartStopIfBuildAndStop.execute(Lorg/gradle/launcher/daemon/server/exec/DaemonCommandExecution;)V+34
j  org.gradle.launcher.daemon.server.exec.DaemonCommandExecution.proceed()Z+28
j  org.gradle.launcher.daemon.server.exec.ForwardClientInput$2.call()Ljava/lang/Void;+4
j  org.gradle.launcher.daemon.server.exec.ForwardClientInput$2.call()Ljava/lang/Object;+1
j  org.gradle.util.Swapper.swap(Ljava/lang/Object;Ljava/util/concurrent/Callable;)Ljava/lang/Object;+21
j  org.gradle.launcher.daemon.server.exec.ForwardClientInput.execute(Lorg/gradle/launcher/daemon/server/exec/DaemonCommandExecution;)V+63
j  org.gradle.launcher.daemon.server.exec.DaemonCommandExecution.proceed()Z+28
j  org.gradle.launcher.daemon.server.exec.LogToClient.doBuild(Lorg/gradle/launcher/daemon/server/exec/DaemonCommandExecution;Lorg/gradle/launcher/daemon/protocol/Build;)V+92
j  org.gradle.launcher.daemon.server.exec.BuildCommandOnly.execute(Lorg/gradle/launcher/daemon/server/exec/DaemonCommandExecution;)V+49
j  org.gradle.launcher.daemon.server.exec.DaemonCommandExecution.proceed()Z+28
j  org.gradle.launcher.daemon.server.exec.EstablishBuildEnvironment.doBuild(Lorg/gradle/launcher/daemon/server/exec/DaemonCommandExecution;Lorg/gradle/launcher/daemon/protocol/Build;)V+237
j  org.gradle.launcher.daemon.server.exec.BuildCommandOnly.execute(Lorg/gradle/launcher/daemon/server/exec/DaemonCommandExecution;)V+49
j  org.gradle.launcher.daemon.server.exec.DaemonCommandExecution.proceed()Z+28
j  org.gradle.launcher.daemon.server.exec.DaemonHygieneAction.execute(Lorg/gradle/launcher/daemon/server/exec/DaemonCommandExecution;)V+1
j  org.gradle.launcher.daemon.server.exec.DaemonCommandExecution.proceed()Z+28
j  org.gradle.launcher.daemon.server.exec.StartBuildOrRespondWithBusy$1.run()V+44
j  org.gradle.launcher.daemon.server.DaemonStateCoordinator$1.run()V+4
j  org.gradle.internal.concurrent.DefaultExecutorFactory$StoppableExecutorImpl$1.run()V+18
j  java.util.concurrent.ThreadPoolExecutor.runWorker(Ljava/util/concurrent/ThreadPoolExecutor$Worker;)V+95
j  java.util.concurrent.ThreadPoolExecutor$Worker.run()V+5
j  java.lang.Thread.run()V+11
v  ~StubRoutines::call_stub

---------------  P R O C E S S  ---------------

Java Threads: ( => current thread )
  0x000000000c7b8800 JavaThread "Stdin handler" [_thread_blocked, id=5484, stack(0x000000000d8b0000,0x000000000d9b0000)]
  0x000000000c7ba000 JavaThread "Cancel handler" [_thread_blocked, id=4268, stack(0x000000000d7b0000,0x000000000d8b0000)]
  0x000000000c7b9800 JavaThread "Handler for socket connection from /127.0.0.1:50236 to /127.0.0.1:51467" [_thread_in_native, id=5296, stack(0x000000000bbe0000,0x000000000bce0000)]
=>0x000000000c7b7000 JavaThread "Daemon worker Thread 2" [_thread_in_native, id=5280, stack(0x000000000d9b0000,0x000000000dab0000)]
  0x000000000c7b4000 JavaThread "Daemon Thread 2" [_thread_blocked, id=4300, stack(0x000000000bae0000,0x000000000bbe0000)]
  0x000000000c7b5000 JavaThread "File lock request listener" [_thread_in_native, id=5516, stack(0x000000000ddb0000,0x000000000deb0000)]
  0x000000000c3ae000 JavaThread "Incoming local TCP Connector on port 50236" [_thread_in_native, id=5420, stack(0x000000000d6b0000,0x000000000d7b0000)]
  0x0000000008e80000 JavaThread "Service Thread" daemon [_thread_blocked, id=5128, stack(0x000000000a600000,0x000000000a700000)]
  0x0000000008e75000 JavaThread "C2 CompilerThread1" daemon [_thread_blocked, id=5124, stack(0x000000000a500000,0x000000000a600000)]
  0x0000000008e72000 JavaThread "C2 CompilerThread0" daemon [_thread_blocked, id=1864, stack(0x000000000a400000,0x000000000a500000)]
  0x0000000008e71000 JavaThread "Attach Listener" daemon [_thread_blocked, id=2680, stack(0x000000000a300000,0x000000000a400000)]
  0x0000000008e6e000 JavaThread "Signal Dispatcher" daemon [_thread_blocked, id=4156, stack(0x000000000a200000,0x000000000a300000)]
  0x0000000008e3e800 JavaThread "Finalizer" daemon [_thread_blocked, id=4188, stack(0x000000000a100000,0x000000000a200000)]
  0x0000000008e35800 JavaThread "Reference Handler" daemon [_thread_blocked, id=4220, stack(0x000000000a000000,0x000000000a100000)]
  0x0000000002900800 JavaThread "main" [_thread_blocked, id=2220, stack(0x0000000002800000,0x0000000002900000)]

Other Threads:
  0x0000000008e2f800 VMThread [stack: 0x0000000009f00000,0x000000000a000000] [id=3184]
  0x0000000008e9a800 WatcherThread [stack: 0x000000000a700000,0x000000000a800000] [id=5132]

VM state:not at safepoint (normal execution)

VM Mutex/Monitor currently owned by a thread: None

Heap
 PSYoungGen      total 303616K, used 240812K [0x00000000eaa80000, 0x0000000100000000, 0x0000000100000000)
  eden space 262656K, 91% used [0x00000000eaa80000,0x00000000f95ab328,0x00000000fab00000)
  from space 40960K, 0% used [0x00000000fd800000,0x00000000fd800000,0x0000000100000000)
  to   space 43520K, 0% used [0x00000000fab00000,0x00000000fab00000,0x00000000fd580000)
 ParOldGen       total 123904K, used 111534K [0x00000000c0000000, 0x00000000c7900000, 0x00000000eaa80000)
  object space 123904K, 90% used [0x00000000c0000000,0x00000000c6cebbc0,0x00000000c7900000)
 PSPermGen       total 128512K, used 101128K [0x00000000b0000000, 0x00000000b7d80000, 0x00000000c0000000)
  object space 128512K, 78% used [0x00000000b0000000,0x00000000b62c2158,0x00000000b7d80000)

Card table byte_map: [0x0000000005a00000,0x0000000005c90000] byte_map_base: 0x0000000005480000

Polling page: 0x0000000000f70000

Code Cache  [0x0000000002a00000, 0x0000000003100000, 0x0000000005a00000)
 total_blobs=2327 nmethods=1680 adapters=599 free_code_cache=42116Kb largest_free_block=43048320

Compilation events (10 events):
Event: 690.194 Thread 0x0000000008e75000 1816             com.sun.org.apache.xerces.internal.impl.XMLEntityManager$RewindableInputStream::read (176 bytes)
Event: 690.199 Thread 0x0000000008e75000 nmethod 1816 0x00000000030eb510 code [0x00000000030eb680, 0x00000000030ebc38]
Event: 690.221 Thread 0x0000000008e75000 1818             java.util.ArrayList$SubList$1::checkForComodification (26 bytes)
Event: 690.221 Thread 0x0000000008e72000 1817             java.util.ArrayList$SubList$1::next (79 bytes)
Event: 690.221 Thread 0x0000000008e75000 nmethod 1818 0x00000000030d3a90 code [0x00000000030d3bc0, 0x00000000030d3c58]
Event: 690.222 Thread 0x0000000008e72000 nmethod 1817 0x0000000003097690 code [0x00000000030977e0, 0x00000000030978d8]
Event: 690.230 Thread 0x0000000008e72000 1819             com.sun.org.apache.xerces.internal.util.AugmentationsImpl$SmallContainer::clear (41 bytes)
Event: 690.232 Thread 0x0000000008e72000 nmethod 1819 0x00000000030973d0 code [0x0000000003097500, 0x00000000030975d8]
Event: 690.311 Thread 0x0000000008e75000 1821             com.sun.org.apache.xerces.internal.util.XMLAttributesImpl::checkDuplicatesNS (278 bytes)
Event: 690.317 Thread 0x0000000008e75000 nmethod 1821 0x00000000030e60d0 code [0x00000000030e6240, 0x00000000030e65d8]

GC Heap History (10 events):
Event: 504.957 GC heap before
{Heap before GC invocations=28 (full 5):
 PSYoungGen      total 310272K, used 32380K [0x00000000eaa80000, 0x0000000100000000, 0x0000000100000000)
  eden space 277504K, 0% used [0x00000000eaa80000,0x00000000eaa80000,0x00000000fb980000)
  from space 32768K, 98% used [0x00000000fb980000,0x00000000fd91f278,0x00000000fd980000)
  to   space 39424K, 0% used [0x00000000fd980000,0x00000000fd980000,0x0000000100000000)
 ParOldGen       total 123904K, used 70286K [0x00000000c0000000, 0x00000000c7900000, 0x00000000eaa80000)
  object space 123904K, 56% used [0x00000000c0000000,0x00000000c44a38e0,0x00000000c7900000)
 PSPermGen       total 110080K, used 78068K [0x00000000b0000000, 0x00000000b6b80000, 0x00000000c0000000)
  object space 110080K, 70% used [0x00000000b0000000,0x00000000b4c3d2d0,0x00000000b6b80000)
Event: 505.508 GC heap after
Heap after GC invocations=28 (full 5):
 PSYoungGen      total 310272K, used 0K [0x00000000eaa80000, 0x0000000100000000, 0x0000000100000000)
  eden space 277504K, 0% used [0x00000000eaa80000,0x00000000eaa80000,0x00000000fb980000)
  from space 32768K, 0% used [0x00000000fb980000,0x00000000fb980000,0x00000000fd980000)
  to   space 39424K, 0% used [0x00000000fd980000,0x00000000fd980000,0x0000000100000000)
 ParOldGen       total 123904K, used 91082K [0x00000000c0000000, 0x00000000c7900000, 0x00000000eaa80000)
  object space 123904K, 73% used [0x00000000c0000000,0x00000000c58f2828,0x00000000c7900000)
 PSPermGen       total 116224K, used 77990K [0x00000000b0000000, 0x00000000b7180000, 0x00000000c0000000)
  object space 116224K, 67% used [0x00000000b0000000,0x00000000b4c29970,0x00000000b7180000)
}
Event: 618.721 GC heap before
{Heap before GC invocations=29 (full 5):
 PSYoungGen      total 310272K, used 277504K [0x00000000eaa80000, 0x0000000100000000, 0x0000000100000000)
  eden space 277504K, 100% used [0x00000000eaa80000,0x00000000fb980000,0x00000000fb980000)
  from space 32768K, 0% used [0x00000000fb980000,0x00000000fb980000,0x00000000fd980000)
  to   space 39424K, 0% used [0x00000000fd980000,0x00000000fd980000,0x0000000100000000)
 ParOldGen       total 123904K, used 91082K [0x00000000c0000000, 0x00000000c7900000, 0x00000000eaa80000)
  object space 123904K, 73% used [0x00000000c0000000,0x00000000c58f2828,0x00000000c7900000)
 PSPermGen       total 116224K, used 84978K [0x00000000b0000000, 0x00000000b7180000, 0x00000000c0000000)
  object space 116224K, 73% used [0x00000000b0000000,0x00000000b52fcad8,0x00000000b7180000)
Event: 618.750 GC heap after
Heap after GC invocations=29 (full 5):
 PSYoungGen      total 311296K, used 18968K [0x00000000eaa80000, 0x0000000100000000, 0x0000000100000000)
  eden space 271872K, 0% used [0x00000000eaa80000,0x00000000eaa80000,0x00000000fb400000)
  from space 39424K, 48% used [0x00000000fd980000,0x00000000fec06318,0x0000000100000000)
  to   space 38400K, 0% used [0x00000000fb400000,0x00000000fb400000,0x00000000fd980000)
 ParOldGen       total 123904K, used 91082K [0x00000000c0000000, 0x00000000c7900000, 0x00000000eaa80000)
  object space 123904K, 73% used [0x00000000c0000000,0x00000000c58f2828,0x00000000c7900000)
 PSPermGen       total 116224K, used 84978K [0x00000000b0000000, 0x00000000b7180000, 0x00000000c0000000)
  object space 116224K, 73% used [0x00000000b0000000,0x00000000b52fcad8,0x00000000b7180000)
}
Event: 622.932 GC heap before
{Heap before GC invocations=30 (full 5):
 PSYoungGen      total 311296K, used 290840K [0x00000000eaa80000, 0x0000000100000000, 0x0000000100000000)
  eden space 271872K, 100% used [0x00000000eaa80000,0x00000000fb400000,0x00000000fb400000)
  from space 39424K, 48% used [0x00000000fd980000,0x00000000fec06318,0x0000000100000000)
  to   space 38400K, 0% used [0x00000000fb400000,0x00000000fb400000,0x00000000fd980000)
 ParOldGen       total 123904K, used 91082K [0x00000000c0000000, 0x00000000c7900000, 0x00000000eaa80000)
  object space 123904K, 73% used [0x00000000c0000000,0x00000000c58f2828,0x00000000c7900000)
 PSPermGen       total 116224K, used 91918K [0x00000000b0000000, 0x00000000b7180000, 0x00000000c0000000)
  object space 116224K, 79% used [0x00000000b0000000,0x00000000b59c3958,0x00000000b7180000)
Event: 622.964 GC heap after
Heap after GC invocations=30 (full 5):
 PSYoungGen      total 299520K, used 27233K [0x00000000eaa80000, 0x0000000100000000, 0x0000000100000000)
  eden space 271872K, 0% used [0x00000000eaa80000,0x00000000eaa80000,0x00000000fb400000)
  from space 27648K, 98% used [0x00000000fb400000,0x00000000fce98438,0x00000000fcf00000)
  to   space 40960K, 0% used [0x00000000fd800000,0x00000000fd800000,0x0000000100000000)
 ParOldGen       total 123904K, used 91082K [0x00000000c0000000, 0x00000000c7900000, 0x00000000eaa80000)
  object space 123904K, 73% used [0x00000000c0000000,0x00000000c58f2828,0x00000000c7900000)
 PSPermGen       total 116224K, used 91918K [0x00000000b0000000, 0x00000000b7180000, 0x00000000c0000000)
  object space 116224K, 79% used [0x00000000b0000000,0x00000000b59c3958,0x00000000b7180000)
}
Event: 643.469 GC heap before
{Heap before GC invocations=31 (full 5):
 PSYoungGen      total 299520K, used 155266K [0x00000000eaa80000, 0x0000000100000000, 0x0000000100000000)
  eden space 271872K, 47% used [0x00000000eaa80000,0x00000000f2788700,0x00000000fb400000)
  from space 27648K, 98% used [0x00000000fb400000,0x00000000fce98438,0x00000000fcf00000)
  to   space 40960K, 0% used [0x00000000fd800000,0x00000000fd800000,0x0000000100000000)
 ParOldGen       total 123904K, used 91082K [0x00000000c0000000, 0x00000000c7900000, 0x00000000eaa80000)
  object space 123904K, 73% used [0x00000000c0000000,0x00000000c58f2828,0x00000000c7900000)
 PSPermGen       total 116224K, used 94495K [0x00000000b0000000, 0x00000000b7180000, 0x00000000c0000000)
  object space 116224K, 81% used [0x00000000b0000000,0x00000000b5c47c18,0x00000000b7180000)
Event: 643.525 GC heap after
Heap after GC invocations=31 (full 5):
 PSYoungGen      total 303616K, used 30946K [0x00000000eaa80000, 0x0000000100000000, 0x0000000100000000)
  eden space 262656K, 0% used [0x00000000eaa80000,0x00000000eaa80000,0x00000000fab00000)
  from space 40960K, 75% used [0x00000000fd800000,0x00000000ff6389b0,0x0000000100000000)
  to   space 43520K, 0% used [0x00000000fab00000,0x00000000fab00000,0x00000000fd580000)
 ParOldGen       total 123904K, used 91082K [0x00000000c0000000, 0x00000000c7900000, 0x00000000eaa80000)
  object space 123904K, 73% used [0x00000000c0000000,0x00000000c58f2828,0x00000000c7900000)
 PSPermGen       total 116224K, used 94495K [0x00000000b0000000, 0x00000000b7180000, 0x00000000c0000000)
  object space 116224K, 81% used [0x00000000b0000000,0x00000000b5c47c18,0x00000000b7180000)
}
Event: 643.525 GC heap before
{Heap before GC invocations=32 (full 6):
 PSYoungGen      total 303616K, used 30946K [0x00000000eaa80000, 0x0000000100000000, 0x0000000100000000)
  eden space 262656K, 0% used [0x00000000eaa80000,0x00000000eaa80000,0x00000000fab00000)
  from space 40960K, 75% used [0x00000000fd800000,0x00000000ff6389b0,0x0000000100000000)
  to   space 43520K, 0% used [0x00000000fab00000,0x00000000fab00000,0x00000000fd580000)
 ParOldGen       total 123904K, used 91082K [0x00000000c0000000, 0x00000000c7900000, 0x00000000eaa80000)
  object space 123904K, 73% used [0x00000000c0000000,0x00000000c58f2828,0x00000000c7900000)
 PSPermGen       total 116224K, used 94495K [0x00000000b0000000, 0x00000000b7180000, 0x00000000c0000000)
  object space 116224K, 81% used [0x00000000b0000000,0x00000000b5c47c18,0x00000000b7180000)
Event: 644.846 GC heap after
Heap after GC invocations=32 (full 6):
 PSYoungGen      total 303616K, used 0K [0x00000000eaa80000, 0x0000000100000000, 0x0000000100000000)
  eden space 262656K, 0% used [0x00000000eaa80000,0x00000000eaa80000,0x00000000fab00000)
  from space 40960K, 0% used [0x00000000fd800000,0x00000000fd800000,0x0000000100000000)
  to   space 43520K, 0% used [0x00000000fab00000,0x00000000fab00000,0x00000000fd580000)
 ParOldGen       total 123904K, used 111534K [0x00000000c0000000, 0x00000000c7900000, 0x00000000eaa80000)
  object space 123904K, 90% used [0x00000000c0000000,0x00000000c6cebbc0,0x00000000c7900000)
 PSPermGen       total 128512K, used 94338K [0x00000000b0000000, 0x00000000b7d80000, 0x00000000c0000000)
  object space 128512K, 73% used [0x00000000b0000000,0x00000000b5c20ab8,0x00000000b7d80000)
}

Deoptimization events (10 events):
Event: 503.977 Thread 0x000000000c7b7000 Uncommon trap: reason=null_check action=make_not_entrant pc=0x0000000002ecb3c4 method=groovy.lang.MetaClassImpl.addMetaBeanProperty(Lgroovy/lang/MetaBeanProperty;)V @ 45
Event: 637.844 Thread 0x000000000c7b7000 Uncommon trap: reason=null_check action=make_not_entrant pc=0x00000000030bb048 method=org.gradle.api.internal.artifacts.ivyservice.resolveengine.graph.ResolvedConfigurationDependencyGraphVisitor.addUnresolvedDependency(Lorg/gradle/api/internal/artifacts/iv¯sW„@
Event: 641.514 Thread 0x000000000c7b7000 Uncommon trap: reason=array_check action=maybe_recompile pc=0x00000000030d24dc method=java.util.TimSort.mergeHi(IIII)V @ 91
Event: 641.546 Thread 0x000000000c7b7000 Uncommon trap: reason=array_check action=maybe_recompile pc=0x00000000030d24dc method=java.util.TimSort.mergeHi(IIII)V @ 91
Event: 641.570 Thread 0x000000000c7b7000 Uncommon trap: reason=array_check action=maybe_recompile pc=0x00000000030d24dc method=java.util.TimSort.mergeHi(IIII)V @ 91
Event: 641.606 Thread 0x000000000c7b7000 Uncommon trap: reason=array_check action=maybe_recompile pc=0x00000000030d24dc method=java.util.TimSort.mergeHi(IIII)V @ 91
Event: 689.830 Thread 0x000000000c7b7000 Uncommon trap: reason=array_check action=maybe_recompile pc=0x00000000030eee28 method=java.util.ComparableTimSort.mergeHi(IIII)V @ 91
Event: 689.830 Thread 0x000000000c7b7000 Uncommon trap: reason=array_check action=maybe_recompile pc=0x00000000030eee28 method=java.util.ComparableTimSort.mergeHi(IIII)V @ 91
Event: 689.980 Thread 0x000000000c7b7000 Uncommon trap: reason=array_check action=maybe_recompile pc=0x00000000030eee28 method=java.util.ComparableTimSort.mergeHi(IIII)V @ 91
Event: 690.000 Thread 0x000000000c7b7000 Uncommon trap: reason=array_check action=maybe_recompile pc=0x00000000030eee28 method=java.util.ComparableTimSort.mergeHi(IIII)V @ 91

Internal exceptions (10 events):
Event: 690.184 Thread 0x000000000c7b7000 Threw 0x00000000f8621bf8 at C:\re\jdk7u71\1605\hotspot\src\share\vm\prims\jvm.cpp:1281
Event: 690.184 Thread 0x000000000c7b7000 Threw 0x00000000f8622990 at C:\re\jdk7u71\1605\hotspot\src\share\vm\prims\jvm.cpp:1281
Event: 690.184 Thread 0x000000000c7b7000 Threw 0x00000000f8623570 at C:\re\jdk7u71\1605\hotspot\src\share\vm\prims\jvm.cpp:1281
Event: 690.184 Thread 0x000000000c7b7000 Threw 0x00000000f862a010 at C:\re\jdk7u71\1605\hotspot\src\share\vm\prims\jvm.cpp:1281
Event: 690.184 Thread 0x000000000c7b7000 Threw 0x00000000f862a3f0 at C:\re\jdk7u71\1605\hotspot\src\share\vm\classfile\systemDictionary.cpp:185
Event: 690.184 Thread 0x000000000c7b7000 Threw 0x00000000f862fd08 at C:\re\jdk7u71\1605\hotspot\src\share\vm\prims\jvm.cpp:1281
Event: 690.184 Thread 0x000000000c7b7000 Threw 0x00000000f8630ab8 at C:\re\jdk7u71\1605\hotspot\src\share\vm\prims\jvm.cpp:1281
Event: 690.184 Thread 0x000000000c7b7000 Threw 0x00000000f86316c0 at C:\re\jdk7u71\1605\hotspot\src\share\vm\prims\jvm.cpp:1281
Event: 690.184 Thread 0x000000000c7b7000 Threw 0x00000000f8638478 at C:\re\jdk7u71\1605\hotspot\src\share\vm\prims\jvm.cpp:1281
Event: 690.184 Thread 0x000000000c7b7000 Threw 0x00000000f8638858 at C:\re\jdk7u71\1605\hotspot\src\share\vm\classfile\systemDictionary.cpp:185

Events (10 events):
Event: 690.183 loading class 0x000000000f2fa4b0
Event: 690.183 loading class 0x000000000f2fa4b0 done
Event: 690.184 loading class 0x000000000ca46450
Event: 690.184 loading class 0x000000000ca46450 done
Event: 690.184 loading class 0x000000000ca46450
Event: 690.184 loading class 0x000000000ca46450 done
Event: 690.184 loading class 0x000000000ca45a30
Event: 690.184 loading class 0x000000000ca45a30 done
Event: 690.184 loading class 0x000000000ca45a30
Event: 690.184 loading class 0x000000000ca45a30 done


Dynamic libraries:
0x00007ff7d0770000 - 0x00007ff7d07a3000 	C:\Program Files\Java\jdk1.7.0_71\bin\java.exe
0x00007ffd66280000 - 0x00007ffd6642c000 	C:\Windows\SYSTEM32\ntdll.dll
0x00007ffd65ae0000 - 0x00007ffd65c1e000 	C:\Windows\system32\KERNEL32.DLL
0x00007ffd637e0000 - 0x00007ffd638f5000 	C:\Windows\system32\KERNELBASE.dll
0x00007ffd61f20000 - 0x00007ffd61fae000 	C:\Windows\system32\apphelp.dll
0x00007ffd595e0000 - 0x00007ffd59633000 	C:\Windows\AppPatch\AppPatch64\AcGenral.DLL
0x00007ffd65540000 - 0x00007ffd655ea000 	C:\Windows\system32\msvcrt.dll
0x00007ffd63270000 - 0x00007ffd6329e000 	C:\Windows\SYSTEM32\SspiCli.dll
0x00007ffd65120000 - 0x00007ffd65174000 	C:\Windows\system32\SHLWAPI.dll
0x00007ffd65960000 - 0x00007ffd65ad7000 	C:\Windows\system32\USER32.dll
0x00007ffd65dd0000 - 0x00007ffd65f64000 	C:\Windows\system32\ole32.dll
0x00007ffd63910000 - 0x00007ffd64e28000 	C:\Windows\system32\SHELL32.dll
0x00007ffd62970000 - 0x00007ffd62991000 	C:\Windows\SYSTEM32\USERENV.dll
0x00007ffd655f0000 - 0x00007ffd6569a000 	C:\Windows\system32\ADVAPI32.dll
0x00007ffd57800000 - 0x00007ffd5781e000 	C:\Windows\SYSTEM32\MPR.dll
0x00007ffd65c20000 - 0x00007ffd65d61000 	C:\Windows\system32\RPCRT4.dll
0x00007ffd65180000 - 0x00007ffd651d9000 	C:\Windows\SYSTEM32\sechost.dll
0x00007ffd64e40000 - 0x00007ffd65051000 	C:\Windows\SYSTEM32\combase.dll
0x00007ffd656a0000 - 0x00007ffd657f1000 	C:\Windows\system32\GDI32.dll
0x00007ffd633d0000 - 0x00007ffd633e5000 	C:\Windows\SYSTEM32\profapi.dll
0x00007ffd618d0000 - 0x00007ffd61982000 	C:\Windows\SYSTEM32\SHCORE.dll
0x00007ffd66240000 - 0x00007ffd66276000 	C:\Windows\system32\IMM32.DLL
0x00007ffd65800000 - 0x00007ffd65952000 	C:\Windows\system32\MSCTF.dll
0x00007ffd60fb0000 - 0x00007ffd6122b000 	C:\Windows\WinSxS\amd64_microsoft.windows.common-controls_6595b64144ccf1df_6.0.9600.17415_none_6240486fecbd8abb\COMCTL32.dll
0x00000000561a0000 - 0x0000000056272000 	C:\Program Files\Java\jdk1.7.0_71\jre\bin\msvcr100.dll
0x00000000565f0000 - 0x0000000056dc3000 	C:\Program Files\Java\jdk1.7.0_71\jre\bin\server\jvm.dll
0x00007ffd4e7b0000 - 0x00007ffd4e7b9000 	C:\Windows\SYSTEM32\WSOCK32.dll
0x00007ffd60bd0000 - 0x00007ffd60bf2000 	C:\Windows\SYSTEM32\WINMM.dll
0x00007ffd64e30000 - 0x00007ffd64e37000 	C:\Windows\system32\PSAPI.DLL
0x00007ffd65d70000 - 0x00007ffd65dca000 	C:\Windows\system32\WS2_32.dll
0x00007ffd60b90000 - 0x00007ffd60bba000 	C:\Windows\SYSTEM32\WINMMBASE.dll
0x00007ffd63900000 - 0x00007ffd63909000 	C:\Windows\system32\NSI.dll
0x00007ffd63790000 - 0x00007ffd637df000 	C:\Windows\SYSTEM32\cfgmgr32.dll
0x00007ffd62170000 - 0x00007ffd62198000 	C:\Windows\SYSTEM32\DEVOBJ.dll
0x00000000565e0000 - 0x00000000565ef000 	C:\Program Files\Java\jdk1.7.0_71\jre\bin\verify.dll
0x00000000565b0000 - 0x00000000565d8000 	C:\Program Files\Java\jdk1.7.0_71\jre\bin\java.dll
0x0000000056590000 - 0x00000000565a5000 	C:\Program Files\Java\jdk1.7.0_71\jre\bin\zip.dll
0x0000000056570000 - 0x0000000056589000 	C:\Program Files\Java\jdk1.7.0_71\jre\bin\net.dll
0x0000000180000000 - 0x0000000180078000 	C:\Windows\system32\ASProxy64.dll
0x00007ffd62be0000 - 0x00007ffd62c39000 	C:\Windows\SYSTEM32\MSWSOCK.dll
0x00007ffd62420000 - 0x00007ffd6244a000 	C:\Windows\SYSTEM32\IPHLPAPI.DLL
0x00007ffd65f70000 - 0x00007ffd66031000 	C:\Windows\system32\OLEAUT32.dll
0x00007ffd62410000 - 0x00007ffd6241a000 	C:\Windows\SYSTEM32\VERSION.dll
0x00007ffd62400000 - 0x00007ffd6240a000 	C:\Windows\SYSTEM32\WINNSI.DLL
0x00007ffd621c0000 - 0x00007ffd621cb000 	C:\Windows\SYSTEM32\kernel.appcore.dll
0x00007ffd63310000 - 0x00007ffd6331b000 	C:\Windows\SYSTEM32\CRYPTBASE.dll
0x00007ffd632a0000 - 0x00007ffd63303000 	C:\Windows\SYSTEM32\bcryptPrimitives.dll
0x00007ffd61fc0000 - 0x00007ffd620e9000 	C:\Windows\system32\uxtheme.dll
0x00007ffd65060000 - 0x00007ffd65116000 	C:\Windows\SYSTEM32\clbcatq.dll
0x00007ffd62ca0000 - 0x00007ffd62cc0000 	C:\Windows\SYSTEM32\CRYPTSP.dll
0x00007ffd62860000 - 0x00007ffd62896000 	C:\Windows\system32\rsaenh.dll
0x00007ffd62f60000 - 0x00007ffd62f86000 	C:\Windows\SYSTEM32\bcrypt.dll
0x00007ffd63320000 - 0x00007ffd633b9000 	C:\Windows\SYSTEM32\sxs.dll
0x0000000056550000 - 0x0000000056561000 	C:\Program Files\Java\jdk1.7.0_71\jre\bin\nio.dll
0x00007ffd5d660000 - 0x00007ffd5d676000 	C:\Windows\SYSTEM32\dhcpcsvc6.DLL
0x00007ffd5dba0000 - 0x00007ffd5dbba000 	C:\Windows\SYSTEM32\dhcpcsvc.DLL
0x00007ffd5e200000 - 0x00007ffd5e212000 	C:\Users\Stéphane\AppData\Local\Temp\native-platform3880032045395637225dir\native-platform.dll
0x0000000056050000 - 0x0000000056074000 	C:\Program Files\Java\jdk1.7.0_71\jre\bin\sunec.dll
0x0000000056040000 - 0x000000005604b000 	C:\Program Files\Java\jdk1.7.0_71\jre\bin\sunmscapi.dll
0x00007ffd63500000 - 0x00007ffd636df000 	C:\Windows\system32\CRYPT32.dll
0x00007ffd63480000 - 0x00007ffd63491000 	C:\Windows\system32\MSASN1.dll
0x00007ffd629e0000 - 0x00007ffd62a84000 	C:\Windows\SYSTEM32\DNSAPI.dll
0x0000000057130000 - 0x0000000057156000 	C:\Program Files\Bonjour\mdnsNSP.dll
0x00007ffd59120000 - 0x00007ffd5912a000 	C:\Windows\System32\rasadhlp.dll
0x00007ffd5d690000 - 0x00007ffd5d6fb000 	C:\Windows\System32\fwpuclnt.dll
0x00007ffd57d60000 - 0x00007ffd57d75000 	C:\Windows\system32\napinsp.dll
0x00007ffd57d80000 - 0x00007ffd57d9a000 	C:\Windows\system32\pnrpnsp.dll
0x00007ffd5e790000 - 0x00007ffd5e7ab000 	C:\Windows\system32\NLAapi.dll
0x00007ffd57da0000 - 0x00007ffd57dad000 	C:\Windows\System32\winrnr.dll
0x00007ffd57db0000 - 0x00007ffd57dc4000 	C:\Windows\system32\wshbth.dll
0x00007ffd4ea10000 - 0x00007ffd4eb9a000 	C:\Windows\SYSTEM32\dbghelp.dll

VM Arguments:
jvm_args: -XX:MaxPermSize=256m -XX:+HeapDumpOnOutOfMemoryError -Xmx1024m -Dfile.encoding=windows-1252 -Duser.country=FR -Duser.language=fr -Duser.variant 
java_command: org.gradle.launcher.daemon.bootstrap.GradleDaemon 2.2.1 C:\Users\Stéphane\.gradle\daemon 10800000 e40fb309-29e0-4063-bb13-d3141fd966ca -XX:MaxPermSize=256m -XX:+HeapDumpOnOutOfMemoryError -Xmx1024m -Dfile.encoding=windows-1252 -Duser.country=FR -Duser.language=fr -Duser.variant
Launcher Type: SUN_STANDARD

Environment Variables:
PATH=C:\Windows\system32;C:\Windows;C:\Windows\System32\Wbem;C:\Windows\System32\WindowsPowerShell\v1.0\;C:\Program Files (x86)\Skype\Phone\
USERNAME=Stéphane
OS=Windows_NT
PROCESSOR_IDENTIFIER=Intel64 Family 6 Model 37 Stepping 5, GenuineIntel



---------------  S Y S T E M  ---------------

OS: Windows 8.1 , 64 bit Build 9600 

CPU:total 4 (2 cores per cpu, 2 threads per core) family 6 model 37 stepping 5, cmov, cx8, fxsr, mmx, sse, sse2, sse3, ssse3, sse4.1, sse4.2, popcnt, aes, ht, tsc, tscinvbit

Memory: 4k page, physical 4046208k(987544k free), swap 5946752k(2267728k free)

vm_info: Java HotSpot(TM) 64-Bit Server VM (24.71-b01) for windows-amd64 JRE (1.7.0_71-b14), built on Sep 26 2014 16:16:12 by "java_re" with unknown MS VC++:1600

time: Fri May 08 14:34:28 2015
elapsed time: 690 seconds

