#
# A fatal error has been detected by the Java Runtime Environment:
#
#  EXCEPTION_ACCESS_VIOLATION (0xc0000005) at pc=0x00000001c48df09b, pid=5036, tid=472
#
# JRE version: Java(TM) SE Runtime Environment (7.0_71-b14) (build 1.7.0_71-b14)
# Java VM: Java HotSpot(TM) 64-Bit Server VM (24.71-b01 mixed mode windows-amd64 compressed oops)
# Problematic frame:
# C  0x00000001c48df09b
#
# Failed to write core dump. Minidumps are not enabled by default on client versions of Windows
#
# If you would like to submit a bug report, please visit:
#   http://bugreport.sun.com/bugreport/crash.jsp
# The crash happened outside the Java Virtual Machine in native code.
# See problematic frame for where to report the bug.
#

---------------  T H R E A D  ---------------

Current thread (0x000000000c970000):  JavaThread "Daemon worker Thread 3" [_thread_in_native, id=472, stack(0x000000000d910000,0x000000000da10000)]

siginfo: ExceptionCode=0xc0000005, ExceptionInformation=0x0000000000000008 0x00000001c48df09b

Registers:
RAX=0x0000000000000000, RBX=0x000000000c9701e8, RCX=0x0000000000d93d90, RDX=0x000000000da07a98
RSP=0x000000000da07aa0, RBP=0x0000000000000000, RSI=0x000000000ec7b1c0, RDI=0x0000000000000000
R8 =0x000000018006eb38, R9 =0x0000000000008000, R10=0x0000000056ce5f80, R11=0x0000000056ce5f80
R12=0x000000000ec7b208, R13=0x000000000da07cb8, R14=0x000000000ec93230, R15=0x0000000000000003
RIP=0x00000001c48df09b, EFLAGS=0x0000000000010206

Top of Stack: (sp=0x000000000da07aa0)
0x000000000da07aa0:   0000000000000000 000000000da000e8
0x000000000da07ab0:   fffffffffffffffe 0000000056712d05
0x000000000da07ac0:   000000000c9701e8 000000018002dbf2
0x000000000da07ad0:   000000018006eac0 0000000000d93d90
0x000000000da07ae0:   000000000b586e80 000000000b586e80
0x000000000da07af0:   000000000c970000 0000000000000000
0x000000000da07b00:   fffffffffffffffe 000000000ec7b208
0x000000000da07b10:   000000000ec93230 000000018002db42
0x000000000da07b20:   0000000000d93d90 0000000000d93d90
0x000000000da07b30:   000000000c9701e8 0000000056208d94
0x000000000da07b40:   000000000d3f2a90 000000000d4100d0
0x000000000da07b50:   000000000ec7b1c0 000000000d3f2a90
0x000000000da07b60:   000000000c9701e8 0000000056573702
0x000000000da07b70:   0000000000d93d90 000000000c9701e8
0x000000000da07b80:   000000000d3f2a90 000000000ec7b1c0
0x000000000da07b90:   0000000000000001 0000000000d93d90 

Instructions: (pc=0x00000001c48df09b)
0x00000001c48df07b:   
[error occurred during error reporting (printing registers, top of stack, instructions near pc), id 0xc0000005]

Register to memory mapping:

RAX=0x0000000000000000 is an unknown value
RBX=0x000000000c9701e8 is an unknown value
RCX=0x0000000000d93d90 is an unknown value
RDX=0x000000000da07a98 is pointing into the stack for thread: 0x000000000c970000
RSP=0x000000000da07aa0 is pointing into the stack for thread: 0x000000000c970000
RBP=0x0000000000000000 is an unknown value
RSI=0x000000000ec7b1c0 is an unknown value
RDI=0x0000000000000000 is an unknown value
R8 =0x000000018006eb38 is an unknown value
R9 =0x0000000000008000 is an unknown value
R10=0x0000000056ce5f80 is an unknown value
R11=0x0000000056ce5f80 is an unknown value
R12=0x000000000ec7b208 is an unknown value
R13=0x000000000da07cb8 is pointing into the stack for thread: 0x000000000c970000
R14=0x000000000ec93230 is an unknown value
R15=0x0000000000000003 is an unknown value


Stack: [0x000000000d910000,0x000000000da10000],  sp=0x000000000da07aa0,  free space=990k
Native frames: (J=compiled Java code, j=interpreted, Vv=VM code, C=native code)
C  0x00000001c48df09b

[error occurred during error reporting (printing native stack), id 0xc0000005]

Java frames: (J=compiled Java code, j=interpreted, Vv=VM code)
j  java.net.Inet6AddressImpl.lookupAllHostAddr(Ljava/lang/String;)[Ljava/net/InetAddress;+0
j  java.net.InetAddress$1.lookupAllHostAddr(Ljava/lang/String;)[Ljava/net/InetAddress;+4
j  java.net.InetAddress.getAddressesFromNameService(Ljava/lang/String;Ljava/net/InetAddress;)[Ljava/net/InetAddress;+51
j  java.net.InetAddress.getLocalHost()Ljava/net/InetAddress;+90
j  javax.crypto.JarVerifier.getSystemEntropy()[B+86
j  javax.crypto.JarVerifier.testSignatures(Ljava/security/cert/X509Certificate;Ljava/security/cert/CertificateFactory;)V+3
j  javax.crypto.JarVerifier.access$400(Ljava/security/cert/X509Certificate;Ljava/security/cert/CertificateFactory;)V+2
j  javax.crypto.JarVerifier$1.run()Ljava/lang/Void;+71
j  javax.crypto.JarVerifier$1.run()Ljava/lang/Object;+1
v  ~StubRoutines::call_stub
j  java.security.AccessController.doPrivileged(Ljava/security/PrivilegedExceptionAction;)Ljava/lang/Object;+0
j  javax.crypto.JarVerifier.<clinit>()V+7
v  ~StubRoutines::call_stub
j  javax.crypto.JceSecurity.loadPolicies(Ljava/io/File;Ljavax/crypto/CryptoPermissions;Ljavax/crypto/CryptoPermissions;)V+146
j  javax.crypto.JceSecurity.setupJurisdictionPolicies()V+130
j  javax.crypto.JceSecurity.access$000()V+0
j  javax.crypto.JceSecurity$1.run()Ljava/lang/Object;+0
v  ~StubRoutines::call_stub
j  java.security.AccessController.doPrivileged(Ljava/security/PrivilegedExceptionAction;)Ljava/lang/Object;+0
j  javax.crypto.JceSecurity.<clinit>()V+49
v  ~StubRoutines::call_stub
j  javax.crypto.KeyAgreement.getInstance(Ljava/lang/String;)Ljavax/crypto/KeyAgreement;+37
j  sun.security.ssl.JsseJce.getKeyAgreement(Ljava/lang/String;)Ljavax/crypto/KeyAgreement;+7
j  sun.security.ssl.JsseJce.isEcAvailable()Z+20
j  sun.security.ssl.CipherSuite$KeyExchange.isAvailable()Z+28
j  sun.security.ssl.CipherSuite.isAvailable()Z+11
j  sun.security.ssl.SSLContextImpl.getApplicableCipherSuiteList(Lsun/security/ssl/ProtocolList;Z)Lsun/security/ssl/CipherSuiteList;+105
j  sun.security.ssl.SSLContextImpl.getDefaultCipherSuiteList(Z)Lsun/security/ssl/CipherSuiteList;+55
j  sun.security.ssl.SSLSocketImpl.init(Lsun/security/ssl/SSLContextImpl;Z)V+83
j  sun.security.ssl.SSLSocketImpl.<init>(Lsun/security/ssl/SSLContextImpl;)V+77
j  sun.security.ssl.SSLSocketFactoryImpl.createSocket()Ljava/net/Socket;+8
j  org.apache.http.conn.ssl.SSLSocketFactory.createSocket(Lorg/apache/http/params/HttpParams;)Ljava/net/Socket;+4
j  org.apache.http.impl.conn.DefaultClientConnectionOperator.openConnection(Lorg/apache/http/conn/OperatedClientConnection;Lorg/apache/http/HttpHost;Ljava/net/InetAddress;Lorg/apache/http/protocol/HttpContext;Lorg/apache/http/params/HttpParams;)V+142
j  org.apache.http.impl.conn.ManagedClientConnectionImpl.open(Lorg/apache/http/conn/routing/HttpRoute;Lorg/apache/http/protocol/HttpContext;Lorg/apache/http/params/HttpParams;)V+133
j  org.apache.http.impl.client.DefaultRequestDirector.tryConnect(Lorg/apache/http/impl/client/RoutedRequest;Lorg/apache/http/protocol/HttpContext;)V+49
j  org.apache.http.impl.client.DefaultRequestDirector.execute(Lorg/apache/http/HttpHost;Lorg/apache/http/HttpRequest;Lorg/apache/http/protocol/HttpContext;)Lorg/apache/http/HttpResponse;+367
j  org.apache.http.impl.client.AbstractHttpClient.execute(Lorg/apache/http/HttpHost;Lorg/apache/http/HttpRequest;Lorg/apache/http/protocol/HttpContext;)Lorg/apache/http/HttpResponse;+344
j  org.apache.http.impl.client.DecompressingHttpClient.execute(Lorg/apache/http/HttpHost;Lorg/apache/http/HttpRequest;Lorg/apache/http/protocol/HttpContext;)Lorg/apache/http/HttpResponse;+65
j  org.apache.http.impl.client.DecompressingHttpClient.execute(Lorg/apache/http/client/methods/HttpUriRequest;Lorg/apache/http/protocol/HttpContext;)Lorg/apache/http/HttpResponse;+8
j  org.gradle.internal.resource.transport.http.HttpClientHelper.performHttpRequest(Lorg/apache/http/client/methods/HttpRequestBase;)Lorg/apache/http/HttpResponse;+37
j  org.gradle.internal.resource.transport.http.HttpClientHelper.executeGetOrHead(Lorg/apache/http/client/methods/HttpRequestBase;)Lorg/apache/http/HttpResponse;+2
j  org.gradle.internal.resource.transport.http.HttpClientHelper.performRequest(Lorg/apache/http/client/methods/HttpRequestBase;)Lorg/apache/http/HttpResponse;+7
j  org.gradle.internal.resource.transport.http.HttpClientHelper.performRawGet(Ljava/lang/String;)Lorg/apache/http/HttpResponse;+9
j  org.gradle.internal.resource.transport.http.HttpClientHelper.performGet(Ljava/lang/String;)Lorg/apache/http/HttpResponse;+6
j  org.gradle.internal.resource.transport.http.HttpResourceAccessor.getResource(Ljava/net/URI;)Lorg/gradle/internal/resource/transport/http/HttpResponseResource;+25
j  org.gradle.internal.resource.transport.http.HttpResourceAccessor.getResource(Ljava/net/URI;)Lorg/gradle/internal/resource/ExternalResource;+2
j  org.gradle.internal.resource.transfer.ProgressLoggingExternalResourceAccessor.getResource(Ljava/net/URI;)Lorg/gradle/internal/resource/ExternalResource;+5
j  org.gradle.internal.resource.transfer.DefaultCacheAwareExternalResourceAccessor.getResource(Ljava/net/URI;Lorg/gradle/internal/resource/transfer/CacheAwareExternalResourceAccessor$ResourceFileStore;Lorg/gradle/internal/resource/local/LocallyAvailableResourceCandidates;)Lorg/gradle/internal/resource/LocallyAvailableExternalResource;+52
j  org.gradle.api.internal.artifacts.repositories.resolver.DefaultExternalResourceArtifactResolver.downloadStaticResource(Ljava/util/List;Lorg/gradle/internal/component/external/model/ModuleComponentArtifactMetaData;Lorg/gradle/internal/resolve/result/ResourceAwareResolveResult;)Lorg/gradle/internal/resource/LocallyAvailableExternalResource;+92
j  org.gradle.api.internal.artifacts.repositories.resolver.DefaultExternalResourceArtifactResolver.resolveMetaDataArtifact(Lorg/gradle/internal/component/external/model/ModuleComponentArtifactMetaData;Lorg/gradle/internal/resolve/result/ResourceAwareResolveResult;)Lorg/gradle/internal/resource/LocallyAvailableExternalResource;+7
j  org.gradle.api.internal.artifacts.repositories.resolver.ExternalResourceResolver.parseMetaDataFromArtifact(Lorg/gradle/api/artifacts/component/ModuleComponentIdentifier;Lorg/gradle/api/internal/artifacts/repositories/resolver/ExternalResourceArtifactResolver;Lorg/gradle/internal/resolve/result/ResourceAwareResolveResult;)Lorg/gradle/internal/component/external/model/MutableModuleComponentResolveMetaData;+11
j  org.gradle.api.internal.artifacts.repositories.resolver.ExternalResourceResolver.resolveStaticDependency(Lorg/gradle/internal/component/model/DependencyMetaData;Lorg/gradle/api/artifacts/component/ModuleComponentIdentifier;Lorg/gradle/internal/resolve/result/BuildableModuleComponentMetaDataResolveResult;Lorg/gradle/api/internal/artifacts/repositories/resolver/ExternalResourceArtifactResolver;)V+5
j  org.gradle.api.internal.artifacts.repositories.resolver.MavenResolver.doResolveComponentMetaData(Lorg/gradle/internal/component/model/DependencyMetaData;Lorg/gradle/api/artifacts/component/ModuleComponentIdentifier;Lorg/gradle/internal/resolve/result/BuildableModuleComponentMetaDataResolveResult;)V+39
j  org.gradle.api.internal.artifacts.repositories.resolver.ExternalResourceResolver$RemoteRepositoryAccess.resolveComponentMetaData(Lorg/gradle/internal/component/model/DependencyMetaData;Lorg/gradle/api/artifacts/component/ModuleComponentIdentifier;Lorg/gradle/internal/resolve/result/BuildableModuleComponentMetaDataResolveResult;)V+7
j  org.gradle.api.internal.artifacts.ivyservice.ivyresolve.CacheLockReleasingModuleComponentsRepository$LockReleasingRepositoryAccess$2.run()V+19
j  org.gradle.internal.Factories$1.create()Ljava/lang/Object;+4
j  org.gradle.cache.internal.DefaultCacheAccess.longRunningOperation(Ljava/lang/String;Lorg/gradle/internal/Factory;)Ljava/lang/Object;+7
j  org.gradle.cache.internal.DefaultCacheAccess.longRunningOperation(Ljava/lang/String;Ljava/lang/Runnable;)V+6
j  org.gradle.cache.internal.DefaultPersistentDirectoryStore.longRunningOperation(Ljava/lang/String;Ljava/lang/Runnable;)V+6
j  org.gradle.cache.internal.DefaultCacheFactory$ReferenceTrackingCache.longRunningOperation(Ljava/lang/String;Ljava/lang/Runnable;)V+9
j  org.gradle.api.internal.artifacts.ivyservice.DefaultCacheLockingManager.longRunningOperation(Ljava/lang/String;Ljava/lang/Runnable;)V+6
j  org.gradle.api.internal.artifacts.ivyservice.ivyresolve.CacheLockReleasingModuleComponentsRepository$LockReleasingRepositoryAccess.resolveComponentMetaData(Lorg/gradle/internal/component/model/DependencyMetaData;Lorg/gradle/api/artifacts/component/ModuleComponentIdentifier;Lorg/gradle/internal/resolve/result/BuildableModuleComponentMetaDataResolveResult;)V+35
j  org.gradle.api.internal.artifacts.ivyservice.ivyresolve.CachingModuleComponentRepository$ResolveAndCacheRepositoryAccess.resolveComponentMetaData(Lorg/gradle/internal/component/model/DependencyMetaData;Lorg/gradle/api/artifacts/component/ModuleComponentIdentifier;Lorg/gradle/internal/resolve/result/BuildableModuleComponentMetaDataResolveResult;)V+24
j  org.gradle.api.internal.artifacts.ivyservice.ivyresolve.BaseModuleComponentRepositoryAccess.resolveComponentMetaData(Lorg/gradle/internal/component/model/DependencyMetaData;Lorg/gradle/api/artifacts/component/ModuleComponentIdentifier;Lorg/gradle/internal/resolve/result/BuildableModuleComponentMetaDataResolveResult;)V+7
j  org.gradle.api.internal.artifacts.ivyservice.ivyresolve.memcache.InMemoryCachedModuleComponentRepository$CachedAccess.resolveComponentMetaData(Lorg/gradle/internal/component/model/DependencyMetaData;Lorg/gradle/api/artifacts/component/ModuleComponentIdentifier;Lorg/gradle/internal/resolve/result/BuildableModuleComponentMetaDataResolveResult;)V+16
j  org.gradle.api.internal.artifacts.ivyservice.ivyresolve.ComponentMetaDataResolveState.process(Lorg/gradle/internal/component/model/DependencyMetaData;Lorg/gradle/api/artifacts/component/ModuleComponentIdentifier;Lorg/gradle/api/internal/artifacts/ivyservice/ivyresolve/ModuleComponentRepositoryAccess;Lorg/gradle/internal/resolve/result/BuildableModuleComponentMetaDataResolveResult;)V+5
j  org.gradle.api.internal.artifacts.ivyservice.ivyresolve.ComponentMetaDataResolveState.resolve()Lorg/gradle/internal/resolve/result/BuildableModuleComponentMetaDataResolveResult;+104
j  org.gradle.api.internal.artifacts.ivyservice.ivyresolve.RepositoryChainDependencyResolver.findBestMatch(Ljava/util/LinkedList;Ljava/util/Collection;Ljava/util/Collection;)Lorg/gradle/api/internal/artifacts/ivyservice/ivyresolve/RepositoryChainModuleResolution;+21
j  org.gradle.api.internal.artifacts.ivyservice.ivyresolve.RepositoryChainDependencyResolver.findBestMatch(Ljava/util/List;Ljava/util/Collection;)Lorg/gradle/api/internal/artifacts/ivyservice/ivyresolve/RepositoryChainModuleResolution;+28
j  org.gradle.api.internal.artifacts.ivyservice.ivyresolve.RepositoryChainDependencyResolver.resolve(Lorg/gradle/internal/component/model/DependencyMetaData;Lorg/gradle/internal/resolve/result/BuildableComponentResolveResult;)V+159
j  org.gradle.api.internal.artifacts.ivyservice.ivyresolve.RepositoryChainAdapter.resolve(Lorg/gradle/internal/component/model/DependencyMetaData;Lorg/gradle/api/artifacts/component/ComponentIdentifier;Lorg/gradle/internal/resolve/result/BuildableComponentResolveResult;)V+64
j  org.gradle.api.internal.artifacts.ivyservice.clientmodule.ClientModuleResolver.resolve(Lorg/gradle/internal/component/model/DependencyMetaData;Lorg/gradle/api/artifacts/component/ComponentIdentifier;Lorg/gradle/internal/resolve/result/BuildableComponentResolveResult;)V+7
j  org.gradle.api.internal.artifacts.ivyservice.resolveengine.graph.DependencyGraphBuilder$ModuleVersionResolveState.resolve()V+89
j  org.gradle.api.internal.artifacts.ivyservice.resolveengine.graph.DependencyGraphBuilder$ModuleVersionResolveState.getMetaData()Lorg/gradle/internal/component/model/ComponentResolveMetaData;+8
j  org.gradle.api.internal.artifacts.ivyservice.resolveengine.graph.DependencyGraphBuilder$DependencyEdge.calculateTargetConfigurations()V+13
j  org.gradle.api.internal.artifacts.ivyservice.resolveengine.graph.DependencyGraphBuilder$DependencyEdge.attachToTargetConfigurations()V+15
j  org.gradle.api.internal.artifacts.ivyservice.resolveengine.graph.DependencyGraphBuilder.traverseGraph(Lorg/gradle/api/internal/artifacts/ivyservice/resolveengine/graph/DependencyGraphBuilder$ResolveState;Lorg/gradle/api/internal/artifacts/ivyservice/resolveengine/graph/conflicts/ConflictHandler;)V+229
j  org.gradle.api.internal.artifacts.ivyservice.resolveengine.graph.DependencyGraphBuilder.resolveDependencyGraph(Lorg/gradle/api/internal/artifacts/configurations/ConfigurationInternal;Lorg/gradle/api/internal/artifacts/ivyservice/resolveengine/graph/DependencyGraphVisitor;)V+94
j  org.gradle.api.internal.artifacts.ivyservice.resolveengine.graph.DependencyGraphBuilder.resolve(Lorg/gradle/api/internal/artifacts/configurations/ConfigurationInternal;Lorg/gradle/api/internal/artifacts/ivyservice/resolveengine/result/ResolutionResultBuilder;Lorg/gradle/api/internal/artifacts/ivyservice/resolveengine/oldresult/ResolvedConfigurationBuilder;)V+51
j  org.gradle.api.internal.artifacts.ivyservice.resolveengine.DefaultDependencyResolver$1.execute(Lorg/apache/ivy/Ivy;)V+314
j  org.gradle.api.internal.artifacts.ivyservice.resolveengine.DefaultDependencyResolver$1.execute(Ljava/lang/Object;)V+5
j  org.gradle.internal.Transformers$4.transform(Ljava/lang/Object;)Ljava/lang/Object;+5
j  org.gradle.api.internal.artifacts.ivyservice.DefaultIvyContextManager.withIvy(Lorg/gradle/api/Transformer;)Ljava/lang/Object;+96
j  org.gradle.api.internal.artifacts.ivyservice.DefaultIvyContextManager.withIvy(Lorg/gradle/api/Action;)V+5
j  org.gradle.api.internal.artifacts.ivyservice.resolveengine.DefaultDependencyResolver.resolve(Lorg/gradle/api/internal/artifacts/configurations/ConfigurationInternal;Ljava/util/List;Lorg/gradle/api/internal/artifacts/GlobalDependencyResolutionRules;Lorg/gradle/api/internal/artifacts/ResolverResults;)V+28
j  org.gradle.api.internal.artifacts.ivyservice.CacheLockingArtifactDependencyResolver$1.run()V+23
j  org.gradle.internal.Factories$1.create()Ljava/lang/Object;+4
j  org.gradle.cache.internal.DefaultCacheAccess.useCache(Ljava/lang/String;Lorg/gradle/internal/Factory;)Ljava/lang/Object;+45
j  org.gradle.cache.internal.DefaultCacheAccess.useCache(Ljava/lang/String;Ljava/lang/Runnable;)V+6
j  org.gradle.cache.internal.DefaultPersistentDirectoryStore.useCache(Ljava/lang/String;Ljava/lang/Runnable;)V+6
j  org.gradle.cache.internal.DefaultCacheFactory$ReferenceTrackingCache.useCache(Ljava/lang/String;Ljava/lang/Runnable;)V+9
j  org.gradle.api.internal.artifacts.ivyservice.DefaultCacheLockingManager.useCache(Ljava/lang/String;Ljava/lang/Runnable;)V+6
j  org.gradle.api.internal.artifacts.ivyservice.CacheLockingArtifactDependencyResolver.resolve(Lorg/gradle/api/internal/artifacts/configurations/ConfigurationInternal;Ljava/util/List;Lorg/gradle/api/internal/artifacts/GlobalDependencyResolutionRules;Lorg/gradle/api/internal/artifacts/ResolverResults;)V+30
j  org.gradle.api.internal.artifacts.ivyservice.SelfResolvingDependencyResolver.resolve(Lorg/gradle/api/internal/artifacts/configurations/ConfigurationInternal;Ljava/util/List;Lorg/gradle/api/internal/artifacts/GlobalDependencyResolutionRules;Lorg/gradle/api/internal/artifacts/ResolverResults;)V+9
j  org.gradle.api.internal.artifacts.ivyservice.ShortcircuitEmptyConfigsArtifactDependencyResolver.resolve(Lorg/gradle/api/internal/artifacts/configurations/ConfigurationInternal;Ljava/util/List;Lorg/gradle/api/internal/artifacts/GlobalDependencyResolutionRules;Lorg/gradle/api/internal/artifacts/ResolverResults;)V+88
j  org.gradle.api.internal.artifacts.ivyservice.ErrorHandlingArtifactDependencyResolver.resolve(Lorg/gradle/api/internal/artifacts/configurations/ConfigurationInternal;Ljava/util/List;Lorg/gradle/api/internal/artifacts/GlobalDependencyResolutionRules;Lorg/gradle/api/internal/artifacts/ResolverResults;)V+9
j  org.gradle.api.internal.artifacts.ivyservice.DefaultConfigurationResolver.resolve(Lorg/gradle/api/internal/artifacts/configurations/ConfigurationInternal;)Lorg/gradle/api/internal/artifacts/ResolverResults;+33
j  org.gradle.api.internal.artifacts.configurations.DefaultConfiguration.resolveNow()V+40
j  org.gradle.api.internal.artifacts.configurations.DefaultConfiguration.getResolvedConfiguration()Lorg/gradle/api/artifacts/ResolvedConfiguration;+1
j  org.gradle.api.internal.artifacts.configurations.DefaultConfiguration_Decorated.getResolvedConfiguration()Lorg/gradle/api/artifacts/ResolvedConfiguration;+7
j  com.android.build.gradle.internal.DependencyManager.collectArtifacts(Lorg/gradle/api/artifacts/Configuration;Ljava/util/Map;)V+33
j  com.android.build.gradle.internal.DependencyManager.resolveDependencyForConfig(Lcom/android/build/gradle/internal/dependency/VariantDependencies;Lcom/android/build/gradle/internal/dependency/VariantDependencies;Lcom/google/common/collect/Multimap;)V+237
j  com.android.build.gradle.internal.DependencyManager.resolveDependencies(Lcom/android/build/gradle/internal/dependency/VariantDependencies;Lcom/android/build/gradle/internal/dependency/VariantDependencies;)V+24
j  com.android.build.gradle.internal.TaskManager.resolveDependencies(Lcom/android/build/gradle/internal/dependency/VariantDependencies;Lcom/android/build/gradle/internal/dependency/VariantDependencies;)V+6
j  com.android.build.gradle.internal.VariantManager.createVariantData(Lcom/android/builder/model/BuildType;Ljava/util/List;Lcom/android/builder/model/SigningConfig;)Lcom/android/build/gradle/internal/variant/BaseVariantData;+626
j  com.android.build.gradle.internal.VariantManager.createVariantDataForProductFlavors(Lcom/android/builder/model/SigningConfig;Ljava/util/List;)V+168
j  com.android.build.gradle.internal.VariantManager.populateVariantDataList(Lcom/android/builder/model/SigningConfig;)V+24
j  com.android.build.gradle.internal.VariantManager.createAndroidTasks(Lcom/android/builder/model/SigningConfig;)V+31
j  com.android.build.gradle.BasePlugin.createAndroidTasks(Z)V+269
j  com.android.build.gradle.BasePlugin$_createTasks_closure9.doCall(Ljava/lang/Object;)Ljava/lang/Object;+34
v  ~StubRoutines::call_stub
j  sun.reflect.NativeMethodAccessorImpl.invoke0(Ljava/lang/reflect/Method;Ljava/lang/Object;[Ljava/lang/Object;)Ljava/lang/Object;+0
j  sun.reflect.NativeMethodAccessorImpl.invoke(Ljava/lang/Object;[Ljava/lang/Object;)Ljava/lang/Object;+87
J 954 C2 sun.reflect.DelegatingMethodAccessorImpl.invoke(Ljava/lang/Object;[Ljava/lang/Object;)Ljava/lang/Object; (10 bytes) @ 0x0000000002e44a14 [0x0000000002e449e0+0x34]
j  java.lang.reflect.Method.invoke(Ljava/lang/Object;[Ljava/lang/Object;)Ljava/lang/Object;+57
j  org.codehaus.groovy.reflection.CachedMethod.invoke(Ljava/lang/Object;[Ljava/lang/Object;)Ljava/lang/Object;+6
j  groovy.lang.MetaMethod.doMethodInvoke(Ljava/lang/Object;[Ljava/lang/Object;)Ljava/lang/Object;+9
j  org.codehaus.groovy.runtime.metaclass.ClosureMetaClass.invokeMethod(Ljava/lang/Class;Ljava/lang/Object;Ljava/lang/String;[Ljava/lang/Object;ZZ)Ljava/lang/Object;+241
j  groovy.lang.MetaClassImpl.invokeMethod(Ljava/lang/Object;Ljava/lang/String;[Ljava/lang/Object;)Ljava/lang/Object;+10
j  groovy.lang.Closure.call([Ljava/lang/Object;)Ljava/lang/Object;+8
j  org.gradle.listener.ClosureBackedMethodInvocationDispatch.dispatch(Lorg/gradle/messaging/dispatch/MethodInvocation;)V+62
j  org.gradle.listener.ClosureBackedMethodInvocationDispatch.dispatch(Ljava/lang/Object;)V+5
J 1466 C2 org.gradle.listener.BroadcastDispatch.dispatch(Lorg/gradle/messaging/dispatch/MethodInvocation;)V (147 bytes) @ 0x0000000002f68dd8 [0x0000000002f68ae0+0x2f8]
j  org.gradle.listener.BroadcastDispatch.dispatch(Ljava/lang/Object;)V+5
j  org.gradle.messaging.dispatch.ProxyDispatchAdapter$DispatchingInvocationHandler.invoke(Ljava/lang/Object;Ljava/lang/reflect/Method;[Ljava/lang/Object;)Ljava/lang/Object;+172
j  com.sun.proxy.$Proxy12.afterEvaluate(Lorg/gradle/api/Project;Lorg/gradle/api/ProjectState;)V+20
j  org.gradle.configuration.project.LifecycleProjectEvaluator.notifyAfterEvaluate(Lorg/gradle/api/ProjectEvaluationListener;Lorg/gradle/api/internal/project/ProjectInternal;Lorg/gradle/api/internal/project/ProjectStateInternal;)V+3
j  org.gradle.configuration.project.LifecycleProjectEvaluator.evaluate(Lorg/gradle/api/internal/project/ProjectInternal;Lorg/gradle/api/internal/project/ProjectStateInternal;)V+72
j  org.gradle.api.internal.project.AbstractProject.evaluate()Lorg/gradle/api/internal/project/AbstractProject;+9
j  org.gradle.api.internal.project.AbstractProject.evaluate()Lorg/gradle/api/Project;+1
j  org.gradle.execution.TaskPathProjectEvaluator.configureHierarchy(Lorg/gradle/api/internal/project/ProjectInternal;)V+82
j  org.gradle.configuration.DefaultBuildConfigurer.configure(Lorg/gradle/api/internal/GradleInternal;)V+50
j  org.gradle.initialization.DefaultGradleLauncher.doBuildStages(Lorg/gradle/initialization/DefaultGradleLauncher$Stage;)V+85
j  org.gradle.initialization.DefaultGradleLauncher.doBuild(Lorg/gradle/initialization/DefaultGradleLauncher$Stage;)Lorg/gradle/BuildResult;+27
j  org.gradle.initialization.DefaultGradleLauncher.getBuildAnalysis()Lorg/gradle/BuildResult;+4
j  org.gradle.launcher.exec.InProcessBuildActionExecuter$DefaultBuildController.configure()Lorg/gradle/api/internal/GradleInternal;+5
j  org.gradle.tooling.internal.provider.ClientProvidedBuildAction.run(Lorg/gradle/initialization/BuildController;)Lorg/gradle/tooling/internal/provider/BuildActionResult;+39
j  org.gradle.tooling.internal.provider.ClientProvidedBuildAction.run(Lorg/gradle/initialization/BuildController;)Ljava/lang/Object;+2
j  org.gradle.tooling.internal.provider.ConfiguringBuildAction.run(Lorg/gradle/initialization/BuildController;)Ljava/lang/Object;+15
j  org.gradle.launcher.exec.InProcessBuildActionExecuter.execute(Lorg/gradle/initialization/BuildAction;Lorg/gradle/initialization/BuildCancellationToken;Lorg/gradle/launcher/exec/BuildActionParameters;)Ljava/lang/Object;+19
j  org.gradle.launcher.exec.InProcessBuildActionExecuter.execute(Lorg/gradle/initialization/BuildAction;Lorg/gradle/initialization/BuildCancellationToken;Ljava/lang/Object;)Ljava/lang/Object;+7
j  org.gradle.launcher.daemon.server.exec.ExecuteBuild.doBuild(Lorg/gradle/launcher/daemon/server/exec/DaemonCommandExecution;Lorg/gradle/launcher/daemon/protocol/Build;)V+47
j  org.gradle.launcher.daemon.server.exec.BuildCommandOnly.execute(Lorg/gradle/launcher/daemon/server/exec/DaemonCommandExecution;)V+49
j  org.gradle.launcher.daemon.server.exec.DaemonCommandExecution.proceed()Z+28
j  org.gradle.launcher.daemon.server.exec.WatchForDisconnection.execute(Lorg/gradle/launcher/daemon/server/exec/DaemonCommandExecution;)V+19
j  org.gradle.launcher.daemon.server.exec.DaemonCommandExecution.proceed()Z+28
j  org.gradle.launcher.daemon.server.exec.ResetDeprecationLogger.execute(Lorg/gradle/launcher/daemon/server/exec/DaemonCommandExecution;)V+4
j  org.gradle.launcher.daemon.server.exec.DaemonCommandExecution.proceed()Z+28
j  org.gradle.launcher.daemon.server.exec.StartStopIfBuildAndStop.execute(Lorg/gradle/launcher/daemon/server/exec/DaemonCommandExecution;)V+34
j  org.gradle.launcher.daemon.server.exec.DaemonCommandExecution.proceed()Z+28
j  org.gradle.launcher.daemon.server.exec.ForwardClientInput$2.call()Ljava/lang/Void;+4
j  org.gradle.launcher.daemon.server.exec.ForwardClientInput$2.call()Ljava/lang/Object;+1
j  org.gradle.util.Swapper.swap(Ljava/lang/Object;Ljava/util/concurrent/Callable;)Ljava/lang/Object;+21
j  org.gradle.launcher.daemon.server.exec.ForwardClientInput.execute(Lorg/gradle/launcher/daemon/server/exec/DaemonCommandExecution;)V+63
j  org.gradle.launcher.daemon.server.exec.DaemonCommandExecution.proceed()Z+28
j  org.gradle.launcher.daemon.server.exec.LogToClient.doBuild(Lorg/gradle/launcher/daemon/server/exec/DaemonCommandExecution;Lorg/gradle/launcher/daemon/protocol/Build;)V+92
j  org.gradle.launcher.daemon.server.exec.BuildCommandOnly.execute(Lorg/gradle/launcher/daemon/server/exec/DaemonCommandExecution;)V+49
j  org.gradle.launcher.daemon.server.exec.DaemonCommandExecution.proceed()Z+28
j  org.gradle.launcher.daemon.server.exec.EstablishBuildEnvironment.doBuild(Lorg/gradle/launcher/daemon/server/exec/DaemonCommandExecution;Lorg/gradle/launcher/daemon/protocol/Build;)V+237
j  org.gradle.launcher.daemon.server.exec.BuildCommandOnly.execute(Lorg/gradle/launcher/daemon/server/exec/DaemonCommandExecution;)V+49
j  org.gradle.launcher.daemon.server.exec.DaemonCommandExecution.proceed()Z+28
j  org.gradle.launcher.daemon.server.exec.DaemonHygieneAction.execute(Lorg/gradle/launcher/daemon/server/exec/DaemonCommandExecution;)V+1
j  org.gradle.launcher.daemon.server.exec.DaemonCommandExecution.proceed()Z+28
j  org.gradle.launcher.daemon.server.exec.StartBuildOrRespondWithBusy$1.run()V+44
j  org.gradle.launcher.daemon.server.DaemonStateCoordinator$1.run()V+4
j  org.gradle.internal.concurrent.DefaultExecutorFactory$StoppableExecutorImpl$1.run()V+18
j  java.util.concurrent.ThreadPoolExecutor.runWorker(Ljava/util/concurrent/ThreadPoolExecutor$Worker;)V+95
j  java.util.concurrent.ThreadPoolExecutor$Worker.run()V+5
j  java.lang.Thread.run()V+11
v  ~StubRoutines::call_stub

---------------  P R O C E S S  ---------------

Java Threads: ( => current thread )
  0x000000000c975800 JavaThread "Stdin handler" [_thread_blocked, id=2488, stack(0x000000000db10000,0x000000000dc10000)]
=>0x000000000c970000 JavaThread "Daemon worker Thread 3" [_thread_in_native, id=472, stack(0x000000000d910000,0x000000000da10000)]
  0x000000000c973000 JavaThread "Cancel handler" [_thread_blocked, id=1956, stack(0x000000000d810000,0x000000000d910000)]
  0x000000000c971800 JavaThread "Handler for socket connection from /127.0.0.1:49293 to /127.0.0.1:50182" [_thread_in_native, id=2128, stack(0x000000000d710000,0x000000000d810000)]
  0x000000000c971000 JavaThread "Daemon Thread 3" [_thread_blocked, id=4400, stack(0x000000000c2d0000,0x000000000c3d0000)]
  0x000000000c865000 JavaThread "File lock request listener" [_thread_in_native, id=4320, stack(0x000000000dd10000,0x000000000de10000)]
  0x000000000c6fe800 JavaThread "Incoming local TCP Connector on port 49293" [_thread_in_native, id=2272, stack(0x000000000d5a0000,0x000000000d6a0000)]
  0x0000000008e5b000 JavaThread "Service Thread" daemon [_thread_blocked, id=5108, stack(0x000000000a5c0000,0x000000000a6c0000)]
  0x0000000008e55000 JavaThread "C2 CompilerThread1" daemon [_thread_blocked, id=5104, stack(0x000000000a4c0000,0x000000000a5c0000)]
  0x0000000008e52000 JavaThread "C2 CompilerThread0" daemon [_thread_blocked, id=5100, stack(0x000000000a3c0000,0x000000000a4c0000)]
  0x0000000008e51000 JavaThread "Attach Listener" daemon [_thread_blocked, id=5096, stack(0x000000000a2c0000,0x000000000a3c0000)]
  0x0000000008e4e000 JavaThread "Signal Dispatcher" daemon [_thread_blocked, id=5092, stack(0x000000000a1c0000,0x000000000a2c0000)]
  0x0000000008e1e800 JavaThread "Finalizer" daemon [_thread_blocked, id=5088, stack(0x000000000a0c0000,0x000000000a1c0000)]
  0x0000000008e15800 JavaThread "Reference Handler" daemon [_thread_blocked, id=5084, stack(0x0000000009fc0000,0x000000000a0c0000)]
  0x0000000002960800 JavaThread "main" [_thread_blocked, id=5060, stack(0x0000000002860000,0x0000000002960000)]

Other Threads:
  0x0000000008e0f800 VMThread [stack: 0x0000000009ec0000,0x0000000009fc0000] [id=5080]
  0x0000000008e7f000 WatcherThread [stack: 0x000000000a6c0000,0x000000000a7c0000] [id=5112]

VM state:not at safepoint (normal execution)

VM Mutex/Monitor currently owned by a thread: None

Heap
 PSYoungGen      total 186368K, used 153238K [0x00000000eaa80000, 0x00000000f9500000, 0x0000000100000000)
  eden space 162816K, 88% used [0x00000000eaa80000,0x00000000f369d968,0x00000000f4980000)
  from space 23552K, 41% used [0x00000000f4980000,0x00000000f5308070,0x00000000f6080000)
  to   space 22528K, 0% used [0x00000000f7f00000,0x00000000f7f00000,0x00000000f9500000)
 ParOldGen       total 79360K, used 36653K [0x00000000c0000000, 0x00000000c4d80000, 0x00000000eaa80000)
  object space 79360K, 46% used [0x00000000c0000000,0x00000000c23cb420,0x00000000c4d80000)
 PSPermGen       total 107008K, used 65438K [0x00000000b0000000, 0x00000000b6880000, 0x00000000c0000000)
  object space 107008K, 61% used [0x00000000b0000000,0x00000000b3fe7b30,0x00000000b6880000)

Card table byte_map: [0x0000000005a60000,0x0000000005cf0000] byte_map_base: 0x00000000054e0000

Polling page: 0x0000000000f30000

Code Cache  [0x0000000002a60000, 0x0000000003220000, 0x0000000005a60000)
 total_blobs=2620 nmethods=1979 adapters=593 free_code_cache=41360Kb largest_free_block=42218944

Compilation events (10 events):
Event: 5990.677 Thread 0x0000000008e55000 2182             sun.security.util.DerInputStream::getLength (111 bytes)
Event: 5990.682 Thread 0x0000000008e52000 2183   !         java.security.cert.Certificate::hashCode (34 bytes)
Event: 5990.684 Thread 0x0000000008e55000 nmethod 2182 0x0000000002af75d0 code [0x0000000002af7720, 0x0000000002af7cf8]
Event: 5990.685 Thread 0x0000000008e52000 nmethod 2183 0x0000000002cc8650 code [0x0000000002cc8780, 0x0000000002cc8918]
Event: 5990.900 Thread 0x0000000008e55000 2184             java.io.PushbackInputStream::read (42 bytes)
Event: 5990.900 Thread 0x0000000008e52000 2185             sun.misc.CharacterDecoder::readFully (52 bytes)
Event: 5990.901 Thread 0x0000000008e55000 nmethod 2184 0x00000000031f90d0 code [0x00000000031f9220, 0x00000000031f92f8]
Event: 5990.901 Thread 0x0000000008e55000 2186             java.lang.String::getBytes (90 bytes)
Event: 5990.903 Thread 0x0000000008e52000 nmethod 2185 0x0000000002d7b4d0 code [0x0000000002d7b620, 0x0000000002d7b7f8]
Event: 5990.904 Thread 0x0000000008e55000 nmethod 2186 0x0000000002f2b510 code [0x0000000002f2b660, 0x0000000002f2b818]

GC Heap History (10 events):
Event: 5491.207 GC heap before
{Heap before GC invocations=22 (full 2):
 PSYoungGen      total 157184K, used 150468K [0x00000000eaa80000, 0x00000000f7b80000, 0x0000000100000000)
  eden space 139264K, 95% used [0x00000000eaa80000,0x00000000f2bf1d60,0x00000000f3280000)
  from space 17920K, 99% used [0x00000000f6680000,0x00000000f77ff340,0x00000000f7800000)
  to   space 3584K, 0% used [0x00000000f7800000,0x00000000f7800000,0x00000000f7b80000)
 ParOldGen       total 79360K, used 42755K [0x00000000c0000000, 0x00000000c4d80000, 0x00000000eaa80000)
  object space 79360K, 53% used [0x00000000c0000000,0x00000000c29c0c80,0x00000000c4d80000)
 PSPermGen       total 104448K, used 56781K [0x00000000b0000000, 0x00000000b6600000, 0x00000000c0000000)
  object space 104448K, 54% used [0x00000000b0000000,0x00000000b37736e8,0x00000000b6600000)
Event: 5491.231 GC heap after
Heap after GC invocations=22 (full 2):
 PSYoungGen      total 142848K, used 3584K [0x00000000eaa80000, 0x00000000f7b80000, 0x0000000100000000)
  eden space 139264K, 0% used [0x00000000eaa80000,0x00000000eaa80000,0x00000000f3280000)
  from space 3584K, 100% used [0x00000000f7800000,0x00000000f7b80000,0x00000000f7b80000)
  to   space 25088K, 0% used [0x00000000f4a80000,0x00000000f4a80000,0x00000000f6300000)
 ParOldGen       total 79360K, used 58045K [0x00000000c0000000, 0x00000000c4d80000, 0x00000000eaa80000)
  object space 79360K, 73% used [0x00000000c0000000,0x00000000c38af6c8,0x00000000c4d80000)
 PSPermGen       total 104448K, used 56781K [0x00000000b0000000, 0x00000000b6600000, 0x00000000c0000000)
  object space 104448K, 54% used [0x00000000b0000000,0x00000000b37736e8,0x00000000b6600000)
}
Event: 5491.231 GC heap before
{Heap before GC invocations=23 (full 3):
 PSYoungGen      total 142848K, used 3584K [0x00000000eaa80000, 0x00000000f7b80000, 0x0000000100000000)
  eden space 139264K, 0% used [0x00000000eaa80000,0x00000000eaa80000,0x00000000f3280000)
  from space 3584K, 100% used [0x00000000f7800000,0x00000000f7b80000,0x00000000f7b80000)
  to   space 25088K, 0% used [0x00000000f4a80000,0x00000000f4a80000,0x00000000f6300000)
 ParOldGen       total 79360K, used 58045K [0x00000000c0000000, 0x00000000c4d80000, 0x00000000eaa80000)
  object space 79360K, 73% used [0x00000000c0000000,0x00000000c38af6c8,0x00000000c4d80000)
 PSPermGen       total 104448K, used 56781K [0x00000000b0000000, 0x00000000b6600000, 0x00000000c0000000)
  object space 104448K, 54% used [0x00000000b0000000,0x00000000b37736e8,0x00000000b6600000)
Event: 5491.629 GC heap after
Heap after GC invocations=23 (full 3):
 PSYoungGen      total 142848K, used 0K [0x00000000eaa80000, 0x00000000f7b80000, 0x0000000100000000)
  eden space 139264K, 0% used [0x00000000eaa80000,0x00000000eaa80000,0x00000000f3280000)
  from space 3584K, 0% used [0x00000000f7800000,0x00000000f7800000,0x00000000f7b80000)
  to   space 25088K, 0% used [0x00000000f4a80000,0x00000000f4a80000,0x00000000f6300000)
 ParOldGen       total 79360K, used 36653K [0x00000000c0000000, 0x00000000c4d80000, 0x00000000eaa80000)
  object space 79360K, 46% used [0x00000000c0000000,0x00000000c23cb420,0x00000000c4d80000)
 PSPermGen       total 107008K, used 56192K [0x00000000b0000000, 0x00000000b6880000, 0x00000000c0000000)
  object space 107008K, 52% used [0x00000000b0000000,0x00000000b36e02b0,0x00000000b6880000)
}
Event: 5987.203 GC heap before
{Heap before GC invocations=24 (full 3):
 PSYoungGen      total 142848K, used 139264K [0x00000000eaa80000, 0x00000000f7b80000, 0x0000000100000000)
  eden space 139264K, 100% used [0x00000000eaa80000,0x00000000f3280000,0x00000000f3280000)
  from space 3584K, 0% used [0x00000000f7800000,0x00000000f7800000,0x00000000f7b80000)
  to   space 25088K, 0% used [0x00000000f4a80000,0x00000000f4a80000,0x00000000f6300000)
 ParOldGen       total 79360K, used 36653K [0x00000000c0000000, 0x00000000c4d80000, 0x00000000eaa80000)
  object space 79360K, 46% used [0x00000000c0000000,0x00000000c23cb420,0x00000000c4d80000)
 PSPermGen       total 107008K, used 56516K [0x00000000b0000000, 0x00000000b6880000, 0x00000000c0000000)
  object space 107008K, 52% used [0x00000000b0000000,0x00000000b37310c0,0x00000000b6880000)
Event: 5987.213 GC heap after
Heap after GC invocations=24 (full 3):
 PSYoungGen      total 161792K, used 3296K [0x00000000eaa80000, 0x00000000f7880000, 0x0000000100000000)
  eden space 158208K, 0% used [0x00000000eaa80000,0x00000000eaa80000,0x00000000f4500000)
  from space 3584K, 91% used [0x00000000f4a80000,0x00000000f4db8020,0x00000000f4e00000)
  to   space 24576K, 0% used [0x00000000f6080000,0x00000000f6080000,0x00000000f7880000)
 ParOldGen       total 79360K, used 36653K [0x00000000c0000000, 0x00000000c4d80000, 0x00000000eaa80000)
  object space 79360K, 46% used [0x00000000c0000000,0x00000000c23cb420,0x00000000c4d80000)
 PSPermGen       total 107008K, used 56516K [0x00000000b0000000, 0x00000000b6880000, 0x00000000c0000000)
  object space 107008K, 52% used [0x00000000b0000000,0x00000000b37310c0,0x00000000b6880000)
}
Event: 5988.249 GC heap before
{Heap before GC invocations=25 (full 3):
 PSYoungGen      total 161792K, used 161504K [0x00000000eaa80000, 0x00000000f7880000, 0x0000000100000000)
  eden space 158208K, 100% used [0x00000000eaa80000,0x00000000f4500000,0x00000000f4500000)
  from space 3584K, 91% used [0x00000000f4a80000,0x00000000f4db8020,0x00000000f4e00000)
  to   space 24576K, 0% used [0x00000000f6080000,0x00000000f6080000,0x00000000f7880000)
 ParOldGen       total 79360K, used 36653K [0x00000000c0000000, 0x00000000c4d80000, 0x00000000eaa80000)
  object space 79360K, 46% used [0x00000000c0000000,0x00000000c23cb420,0x00000000c4d80000)
 PSPermGen       total 107008K, used 57562K [0x00000000b0000000, 0x00000000b6880000, 0x00000000c0000000)
  object space 107008K, 53% used [0x00000000b0000000,0x00000000b3836b18,0x00000000b6880000)
Event: 5988.261 GC heap after
Heap after GC invocations=25 (full 3):
 PSYoungGen      total 187392K, used 8156K [0x00000000eaa80000, 0x00000000f8b80000, 0x0000000100000000)
  eden space 162816K, 0% used [0x00000000eaa80000,0x00000000eaa80000,0x00000000f4980000)
  from space 24576K, 33% used [0x00000000f6080000,0x00000000f6877258,0x00000000f7880000)
  to   space 23552K, 0% used [0x00000000f4980000,0x00000000f4980000,0x00000000f6080000)
 ParOldGen       total 79360K, used 36653K [0x00000000c0000000, 0x00000000c4d80000, 0x00000000eaa80000)
  object space 79360K, 46% used [0x00000000c0000000,0x00000000c23cb420,0x00000000c4d80000)
 PSPermGen       total 107008K, used 57562K [0x00000000b0000000, 0x00000000b6880000, 0x00000000c0000000)
  object space 107008K, 53% used [0x00000000b0000000,0x00000000b3836b18,0x00000000b6880000)
}
Event: 5989.172 GC heap before
{Heap before GC invocations=26 (full 3):
 PSYoungGen      total 187392K, used 170972K [0x00000000eaa80000, 0x00000000f8b80000, 0x0000000100000000)
  eden space 162816K, 100% used [0x00000000eaa80000,0x00000000f4980000,0x00000000f4980000)
  from space 24576K, 33% used [0x00000000f6080000,0x00000000f6877258,0x00000000f7880000)
  to   space 23552K, 0% used [0x00000000f4980000,0x00000000f4980000,0x00000000f6080000)
 ParOldGen       total 79360K, used 36653K [0x00000000c0000000, 0x00000000c4d80000, 0x00000000eaa80000)
  object space 79360K, 46% used [0x00000000c0000000,0x00000000c23cb420,0x00000000c4d80000)
 PSPermGen       total 107008K, used 57701K [0x00000000b0000000, 0x00000000b6880000, 0x00000000c0000000)
  object space 107008K, 53% used [0x00000000b0000000,0x00000000b38596a0,0x00000000b6880000)
Event: 5989.192 GC heap after
Heap after GC invocations=26 (full 3):
 PSYoungGen      total 186368K, used 9760K [0x00000000eaa80000, 0x00000000f9500000, 0x0000000100000000)
  eden space 162816K, 0% used [0x00000000eaa80000,0x00000000eaa80000,0x00000000f4980000)
  from space 23552K, 41% used [0x00000000f4980000,0x00000000f5308070,0x00000000f6080000)
  to   space 22528K, 0% used [0x00000000f7f00000,0x00000000f7f00000,0x00000000f9500000)
 ParOldGen       total 79360K, used 36653K [0x00000000c0000000, 0x00000000c4d80000, 0x00000000eaa80000)
  object space 79360K, 46% used [0x00000000c0000000,0x00000000c23cb420,0x00000000c4d80000)
 PSPermGen       total 107008K, used 57701K [0x00000000b0000000, 0x00000000b6880000, 0x00000000c0000000)
  object space 107008K, 53% used [0x00000000b0000000,0x00000000b38596a0,0x00000000b6880000)
}

Deoptimization events (10 events):
Event: 5990.228 Thread 0x000000000c970000 Uncommon trap: reason=bimorphic action=maybe_recompile pc=0x0000000002cd5c00 method=org.gradle.api.internal.DefaultNamedDomainObjectCollection.findByNameWithoutRules(Ljava/lang/String;)Ljava/lang/Object; @ 4
Event: 5990.228 Thread 0x000000000c970000 Uncommon trap: reason=bimorphic action=maybe_recompile pc=0x0000000002cd5c00 method=org.gradle.api.internal.DefaultNamedDomainObjectCollection.findByNameWithoutRules(Ljava/lang/String;)Ljava/lang/Object; @ 4
Event: 5990.255 Thread 0x000000000c970000 Uncommon trap: reason=unreached action=reinterpret pc=0x0000000002f0cae4 method=java.lang.Class.getEnumConstantsShared()[Ljava/lang/Object; @ 4
Event: 5990.492 Thread 0x000000000c970000 Uncommon trap: reason=unreached action=reinterpret pc=0x0000000002cfd7ec method=org.apache.ivy.core.IvyPatternHelper.substituteTokens(Ljava/lang/String;Ljava/util/Map;)Ljava/lang/String; @ 438
Event: 5990.602 Thread 0x000000000c970000 Uncommon trap: reason=class_check action=maybe_recompile pc=0x0000000002c97fc4 method=java.util.AbstractList$Itr.hasNext()Z @ 8
Event: 5990.602 Thread 0x000000000c970000 Uncommon trap: reason=class_check action=maybe_recompile pc=0x0000000002d2a6b4 method=java.util.AbstractList$Itr.next()Ljava/lang/Object; @ 14
Event: 5990.704 Thread 0x000000000c970000 Uncommon trap: reason=bimorphic action=maybe_recompile pc=0x000000000300cacc method=java.util.regex.Pattern$Branch.study(Ljava/util/regex/Pattern$TreeInfo;)Z @ 57
Event: 5990.704 Thread 0x000000000c970000 Uncommon trap: reason=bimorphic action=maybe_recompile pc=0x0000000002c7ae00 method=java.util.regex.Pattern$Slice.match(Ljava/util/regex/Matcher;ILjava/lang/CharSequence;)Z @ 75
Event: 5990.844 Thread 0x000000000c970000 Uncommon trap: reason=unreached action=reinterpret pc=0x0000000002c8b4a8 method=java.lang.Integer.parseInt(Ljava/lang/String;I)I @ 1
Event: 5990.905 Thread 0x000000000c970000 Uncommon trap: reason=unreached action=reinterpret pc=0x0000000002ed68d8 method=sun.security.provider.DigestBase.engineUpdate(B)V @ 4

Internal exceptions (10 events):
Event: 5990.840 Thread 0x000000000c970000 Threw 0x00000000f35fa120 at C:\re\jdk7u71\1605\hotspot\src\share\vm\prims\jvm.cpp:1281
Event: 5990.840 Thread 0x000000000c970000 Threw 0x00000000f35ffb70 at C:\re\jdk7u71\1605\hotspot\src\share\vm\prims\jvm.cpp:1281
Event: 5990.841 Thread 0x000000000c970000 Threw 0x00000000f36092d8 at C:\re\jdk7u71\1605\hotspot\src\share\vm\prims\jvm.cpp:1281
Event: 5990.841 Thread 0x000000000c970000 Threw 0x00000000f360a0e8 at C:\re\jdk7u71\1605\hotspot\src\share\vm\prims\jvm.cpp:1281
Event: 5990.841 Thread 0x000000000c970000 Threw 0x00000000f360ed48 at C:\re\jdk7u71\1605\hotspot\src\share\vm\prims\jvm.cpp:1281
Event: 5990.842 Thread 0x000000000c970000 Threw 0x00000000f36187e0 at C:\re\jdk7u71\1605\hotspot\src\share\vm\prims\jvm.cpp:1281
Event: 5990.842 Thread 0x000000000c970000 Threw 0x00000000f36196c0 at C:\re\jdk7u71\1605\hotspot\src\share\vm\prims\jvm.cpp:1281
Event: 5990.842 Thread 0x000000000c970000 Threw 0x00000000f361f2a0 at C:\re\jdk7u71\1605\hotspot\src\share\vm\prims\jvm.cpp:1281
Event: 5990.844 Thread 0x000000000c970000 Implicit null exception at 0x0000000002c8afaf to 0x0000000002c8b495
Event: 5990.905 Thread 0x000000000c970000 Implicit null exception at 0x0000000002ed6854 to 0x0000000002ed68c5

Events (10 events):
Event: 5990.901 Thread 0x0000000008e55000 flushing nmethod 0x0000000002dbbd90
Event: 5990.903 loading class 0x000000000e686520
Event: 5990.903 loading class 0x000000000e686520 done
Event: 5990.903 loading class 0x000000000d551d60
Event: 5990.904 loading class 0x000000000d551d60 done
Event: 5990.904 loading class 0x000000000d551cf0
Event: 5990.905 loading class 0x000000000d551cf0 done
Event: 5990.905 Thread 0x000000000c970000 Uncommon trap: trap_request=0xffffffad fr.pc=0x0000000002ed68d8
Event: 5990.905 Thread 0x000000000c970000 DEOPT PACKING pc=0x0000000002ed68d8 sp=0x000000000da07dd0
Event: 5990.905 Thread 0x000000000c970000 DEOPT UNPACKING pc=0x0000000002a99064 sp=0x000000000da07d18 mode 2


Dynamic libraries:
0x00007ff7d0770000 - 0x00007ff7d07a3000 	C:\Program Files\Java\jdk1.7.0_71\bin\java.exe
0x00007ffd66280000 - 0x00007ffd6642c000 	C:\Windows\SYSTEM32\ntdll.dll
0x00007ffd65ae0000 - 0x00007ffd65c1e000 	C:\Windows\system32\KERNEL32.DLL
0x00007ffd637e0000 - 0x00007ffd638f5000 	C:\Windows\system32\KERNELBASE.dll
0x00007ffd61f20000 - 0x00007ffd61fae000 	C:\Windows\system32\apphelp.dll
0x00007ffd520c0000 - 0x00007ffd52113000 	C:\Windows\AppPatch\AppPatch64\AcGenral.DLL
0x00007ffd65540000 - 0x00007ffd655ea000 	C:\Windows\system32\msvcrt.dll
0x00007ffd63270000 - 0x00007ffd6329e000 	C:\Windows\SYSTEM32\SspiCli.dll
0x00007ffd65120000 - 0x00007ffd65174000 	C:\Windows\system32\SHLWAPI.dll
0x00007ffd65960000 - 0x00007ffd65ad7000 	C:\Windows\system32\USER32.dll
0x00007ffd65dd0000 - 0x00007ffd65f64000 	C:\Windows\system32\ole32.dll
0x00007ffd63910000 - 0x00007ffd64e28000 	C:\Windows\system32\SHELL32.dll
0x00007ffd62970000 - 0x00007ffd62991000 	C:\Windows\SYSTEM32\USERENV.dll
0x00007ffd655f0000 - 0x00007ffd6569a000 	C:\Windows\system32\ADVAPI32.dll
0x00007ffd57800000 - 0x00007ffd5781e000 	C:\Windows\SYSTEM32\MPR.dll
0x00007ffd65c20000 - 0x00007ffd65d61000 	C:\Windows\system32\RPCRT4.dll
0x00007ffd65180000 - 0x00007ffd651d9000 	C:\Windows\SYSTEM32\sechost.dll
0x00007ffd64e40000 - 0x00007ffd65051000 	C:\Windows\SYSTEM32\combase.dll
0x00007ffd656a0000 - 0x00007ffd657f1000 	C:\Windows\system32\GDI32.dll
0x00007ffd633d0000 - 0x00007ffd633e5000 	C:\Windows\SYSTEM32\profapi.dll
0x00007ffd618d0000 - 0x00007ffd61982000 	C:\Windows\SYSTEM32\SHCORE.dll
0x00007ffd66240000 - 0x00007ffd66276000 	C:\Windows\system32\IMM32.DLL
0x00007ffd65800000 - 0x00007ffd65952000 	C:\Windows\system32\MSCTF.dll
0x00007ffd60fb0000 - 0x00007ffd6122b000 	C:\Windows\WinSxS\amd64_microsoft.windows.common-controls_6595b64144ccf1df_6.0.9600.17415_none_6240486fecbd8abb\COMCTL32.dll
0x00000000561a0000 - 0x0000000056272000 	C:\Program Files\Java\jdk1.7.0_71\jre\bin\msvcr100.dll
0x00000000565f0000 - 0x0000000056dc3000 	C:\Program Files\Java\jdk1.7.0_71\jre\bin\server\jvm.dll
0x00007ffd4e7b0000 - 0x00007ffd4e7b9000 	C:\Windows\SYSTEM32\WSOCK32.dll
0x00007ffd60bd0000 - 0x00007ffd60bf2000 	C:\Windows\SYSTEM32\WINMM.dll
0x00007ffd64e30000 - 0x00007ffd64e37000 	C:\Windows\system32\PSAPI.DLL
0x00007ffd65d70000 - 0x00007ffd65dca000 	C:\Windows\system32\WS2_32.dll
0x00007ffd60b90000 - 0x00007ffd60bba000 	C:\Windows\SYSTEM32\WINMMBASE.dll
0x00007ffd63900000 - 0x00007ffd63909000 	C:\Windows\system32\NSI.dll
0x00007ffd63790000 - 0x00007ffd637df000 	C:\Windows\SYSTEM32\cfgmgr32.dll
0x00007ffd62170000 - 0x00007ffd62198000 	C:\Windows\SYSTEM32\DEVOBJ.dll
0x00000000565e0000 - 0x00000000565ef000 	C:\Program Files\Java\jdk1.7.0_71\jre\bin\verify.dll
0x00000000565b0000 - 0x00000000565d8000 	C:\Program Files\Java\jdk1.7.0_71\jre\bin\java.dll
0x0000000056590000 - 0x00000000565a5000 	C:\Program Files\Java\jdk1.7.0_71\jre\bin\zip.dll
0x0000000056570000 - 0x0000000056589000 	C:\Program Files\Java\jdk1.7.0_71\jre\bin\net.dll
0x0000000180000000 - 0x0000000180078000 	C:\Windows\system32\ASProxy64.dll
0x00007ffd62be0000 - 0x00007ffd62c39000 	C:\Windows\SYSTEM32\MSWSOCK.dll
0x00007ffd62420000 - 0x00007ffd6244a000 	C:\Windows\SYSTEM32\IPHLPAPI.DLL
0x00007ffd65f70000 - 0x00007ffd66031000 	C:\Windows\system32\OLEAUT32.dll
0x00007ffd62410000 - 0x00007ffd6241a000 	C:\Windows\SYSTEM32\VERSION.dll
0x00007ffd62400000 - 0x00007ffd6240a000 	C:\Windows\SYSTEM32\WINNSI.DLL
0x00007ffd621c0000 - 0x00007ffd621cb000 	C:\Windows\SYSTEM32\kernel.appcore.dll
0x00007ffd63310000 - 0x00007ffd6331b000 	C:\Windows\SYSTEM32\CRYPTBASE.dll
0x00007ffd632a0000 - 0x00007ffd63303000 	C:\Windows\SYSTEM32\bcryptPrimitives.dll
0x00007ffd61fc0000 - 0x00007ffd620e9000 	C:\Windows\system32\uxtheme.dll
0x00007ffd65060000 - 0x00007ffd65116000 	C:\Windows\SYSTEM32\clbcatq.dll
0x00007ffd62ca0000 - 0x00007ffd62cc0000 	C:\Windows\SYSTEM32\CRYPTSP.dll
0x00007ffd62860000 - 0x00007ffd62896000 	C:\Windows\system32\rsaenh.dll
0x00007ffd62f60000 - 0x00007ffd62f86000 	C:\Windows\SYSTEM32\bcrypt.dll
0x00007ffd63320000 - 0x00007ffd633b9000 	C:\Windows\SYSTEM32\sxs.dll
0x0000000056550000 - 0x0000000056561000 	C:\Program Files\Java\jdk1.7.0_71\jre\bin\nio.dll
0x00007ffd5d660000 - 0x00007ffd5d676000 	C:\Windows\SYSTEM32\dhcpcsvc6.DLL
0x00007ffd5dba0000 - 0x00007ffd5dbba000 	C:\Windows\SYSTEM32\dhcpcsvc.DLL
0x00007ffd5e210000 - 0x00007ffd5e222000 	C:\Users\Stphane\AppData\Local\Temp\native-platform5920161058493712862dir\native-platform.dll
0x0000000056050000 - 0x0000000056074000 	C:\Program Files\Java\jdk1.7.0_71\jre\bin\sunec.dll
0x0000000056040000 - 0x000000005604b000 	C:\Program Files\Java\jdk1.7.0_71\jre\bin\sunmscapi.dll
0x00007ffd63500000 - 0x00007ffd636df000 	C:\Windows\system32\CRYPT32.dll
0x00007ffd63480000 - 0x00007ffd63491000 	C:\Windows\system32\MSASN1.dll
0x00007ffd57d60000 - 0x00007ffd57d75000 	C:\Windows\system32\napinsp.dll
0x00007ffd57d80000 - 0x00007ffd57d9a000 	C:\Windows\system32\pnrpnsp.dll
0x00007ffd5e790000 - 0x00007ffd5e7ab000 	C:\Windows\system32\NLAapi.dll
0x00007ffd629e0000 - 0x00007ffd62a84000 	C:\Windows\SYSTEM32\DNSAPI.dll
0x00007ffd57da0000 - 0x00007ffd57dad000 	C:\Windows\System32\winrnr.dll
0x00007ffd57db0000 - 0x00007ffd57dc4000 	C:\Windows\system32\wshbth.dll
0x0000000057130000 - 0x0000000057156000 	C:\Program Files\Bonjour\mdnsNSP.dll
0x00007ffd59120000 - 0x00007ffd5912a000 	C:\Windows\System32\rasadhlp.dll
0x00007ffd5d690000 - 0x00007ffd5d6fb000 	C:\Windows\System32\fwpuclnt.dll
0x00007ffd4ea10000 - 0x00007ffd4eb9a000 	C:\Windows\SYSTEM32\dbghelp.dll

VM Arguments:
jvm_args: -XX:MaxPermSize=256m -XX:+HeapDumpOnOutOfMemoryError -Xmx1024m -Dfile.encoding=windows-1252 -Duser.country=FR -Duser.language=fr -Duser.variant 
java_command: org.gradle.launcher.daemon.bootstrap.GradleDaemon 2.2.1 C:\Users\Stphane\.gradle\daemon 10800000 fa0cefad-a41e-4ba0-bc59-c6e1c9466345 -XX:MaxPermSize=256m -XX:+HeapDumpOnOutOfMemoryError -Xmx1024m -Dfile.encoding=windows-1252 -Duser.country=FR -Duser.language=fr -Duser.variant
Launcher Type: SUN_STANDARD

Environment Variables:
PATH=C:\Windows\system32;C:\Windows;C:\Windows\System32\Wbem;C:\Windows\System32\WindowsPowerShell\v1.0\;C:\Program Files (x86)\Skype\Phone\
USERNAME=Stphane
OS=Windows_NT
PROCESSOR_IDENTIFIER=Intel64 Family 6 Model 37 Stepping 5, GenuineIntel



---------------  S Y S T E M  ---------------

OS: Windows 8.1 , 64 bit Build 9600 

CPU:total 4 (2 cores per cpu, 2 threads per core) family 6 model 37 stepping 5, cmov, cx8, fxsr, mmx, sse, sse2, sse3, ssse3, sse4.1, sse4.2, popcnt, aes, ht, tsc, tscinvbit

Memory: 4k page, physical 4046208k(1419456k free), swap 5946752k(2676572k free)

vm_info: Java HotSpot(TM) 64-Bit Server VM (24.71-b01) for windows-amd64 JRE (1.7.0_71-b14), built on Sep 26 2014 16:16:12 by "java_re" with unknown MS VC++:1600

time: Fri May 08 14:22:29 2015
elapsed time: 5991 seconds

