#
# A fatal error has been detected by the Java Runtime Environment:
#
#  EXCEPTION_ACCESS_VIOLATION (0xc0000005) at pc=0x00000001c48df09b, pid=3656, tid=5152
#
# JRE version: Java(TM) SE Runtime Environment (7.0_71-b14) (build 1.7.0_71-b14)
# Java VM: Java HotSpot(TM) 64-Bit Server VM (24.71-b01 mixed mode windows-amd64 compressed oops)
# Problematic frame:
# C  0x00000001c48df09b
#
# Failed to write core dump. Minidumps are not enabled by default on client versions of Windows
#
# If you would like to submit a bug report, please visit:
#   http://bugreport.sun.com/bugreport/crash.jsp
# The crash happened outside the Java Virtual Machine in native code.
# See problematic frame for where to report the bug.
#

---------------  T H R E A D  ---------------

Current thread (0x000000000e3ba000):  JavaThread "Daemon worker Thread 28" [_thread_in_native, id=5152, stack(0x000000000d9a0000,0x000000000daa0000)]

siginfo: ExceptionCode=0xc0000005, ExceptionInformation=0x0000000000000008 0x00000001c48df09b

Registers:
RAX=0x0000000000000000, RBX=0x000000000e3ba1e8, RCX=0x0000000000db1370, RDX=0x000000000da9ac38
RSP=0x000000000da9ac40, RBP=0x0000000000000000, RSI=0x000000000ffdfcb0, RDI=0x0000000000000000
R8 =0x000000018006eb38, R9 =0x0000000000008000, R10=0x0000000056ce5f80, R11=0x0000000056ce5f80
R12=0x0000000000000001, R13=0x000000000da9ae58, R14=0x000000000ee28e60, R15=0x0000000000000001
RIP=0x00000001c48df09b, EFLAGS=0x0000000000010202

Top of Stack: (sp=0x000000000da9ac40)
0x000000000da9ac40:   0000000000000000 000000000da90088
0x000000000da9ac50:   fffffffffffffffe 000000000da9aca8
0x000000000da9ac60:   000000000e3ba1e8 000000018002dbf2
0x000000000da9ac70:   000000018006eac0 0000000000db1370
0x000000000da9ac80:   000000000b506af0 000000000b506af0
0x000000000da9ac90:   0000000000000000 000000000da90058
0x000000000da9aca0:   fffffffffffffffe 0000000000000001
0x000000000da9acb0:   000000000ee28e60 000000018002db42
0x000000000da9acc0:   0000000000db1370 0000000000db1370
0x000000000da9acd0:   000000000e3ba1e8 0000000056208d94
0x000000000da9ace0:   000000000f828950 000000000f828950
0x000000000da9acf0:   000000000ffdfcb0 000000000f828950
0x000000000da9ad00:   000000000e3ba1e8 0000000056573702
0x000000000da9ad10:   0000000000db1370 000000000e3ba1e8
0x000000000da9ad20:   000000000f828950 000000000ffdfcb0
0x000000000da9ad30:   0000000000000001 0000000000db1370 

Instructions: (pc=0x00000001c48df09b)
0x00000001c48df07b:   
[error occurred during error reporting (printing registers, top of stack, instructions near pc), id 0xc0000005]

Register to memory mapping:

RAX=0x0000000000000000 is an unknown value
RBX=0x000000000e3ba1e8 is an unknown value
RCX=0x0000000000db1370 is an unknown value
RDX=0x000000000da9ac38 is pointing into the stack for thread: 0x000000000e3ba000
RSP=0x000000000da9ac40 is pointing into the stack for thread: 0x000000000e3ba000
RBP=0x0000000000000000 is an unknown value
RSI=0x000000000ffdfcb0 is an unknown value
RDI=0x0000000000000000 is an unknown value
R8 =0x000000018006eb38 is an unknown value
R9 =0x0000000000008000 is an unknown value
R10=0x0000000056ce5f80 is an unknown value
R11=0x0000000056ce5f80 is an unknown value
R12=0x0000000000000001 is an unknown value
R13=0x000000000da9ae58 is pointing into the stack for thread: 0x000000000e3ba000
R14=0x000000000ee28e60 is an unknown value
R15=0x0000000000000001 is an unknown value


Stack: [0x000000000d9a0000,0x000000000daa0000],  sp=0x000000000da9ac40,  free space=1003k
Native frames: (J=compiled Java code, j=interpreted, Vv=VM code, C=native code)
C  0x00000001c48df09b

[error occurred during error reporting (printing native stack), id 0xc0000005]

Java frames: (J=compiled Java code, j=interpreted, Vv=VM code)
j  java.net.Inet6AddressImpl.lookupAllHostAddr(Ljava/lang/String;)[Ljava/net/InetAddress;+0
j  java.net.InetAddress$1.lookupAllHostAddr(Ljava/lang/String;)[Ljava/net/InetAddress;+4
j  java.net.InetAddress.getAddressesFromNameService(Ljava/lang/String;Ljava/net/InetAddress;)[Ljava/net/InetAddress;+51
j  java.net.InetAddress.getAllByName0(Ljava/lang/String;Ljava/net/InetAddress;Z)[Ljava/net/InetAddress;+29
j  java.net.InetAddress.getAllByName(Ljava/lang/String;Ljava/net/InetAddress;)[Ljava/net/InetAddress;+343
j  java.net.InetAddress.getAllByName(Ljava/lang/String;)[Ljava/net/InetAddress;+2
j  org.apache.http.impl.conn.SystemDefaultDnsResolver.resolve(Ljava/lang/String;)[Ljava/net/InetAddress;+1
j  org.apache.http.impl.conn.DefaultClientConnectionOperator.resolveHostname(Ljava/lang/String;)[Ljava/net/InetAddress;+5
j  org.apache.http.impl.conn.DefaultClientConnectionOperator.openConnection(Lorg/apache/http/conn/OperatedClientConnection;Lorg/apache/http/HttpHost;Ljava/net/InetAddress;Lorg/apache/http/protocol/HttpContext;Lorg/apache/http/params/HttpParams;)V+87
j  org.apache.http.impl.conn.ManagedClientConnectionImpl.open(Lorg/apache/http/conn/routing/HttpRoute;Lorg/apache/http/protocol/HttpContext;Lorg/apache/http/params/HttpParams;)V+133
j  org.apache.http.impl.client.DefaultRequestDirector.tryConnect(Lorg/apache/http/impl/client/RoutedRequest;Lorg/apache/http/protocol/HttpContext;)V+49
j  org.apache.http.impl.client.DefaultRequestDirector.execute(Lorg/apache/http/HttpHost;Lorg/apache/http/HttpRequest;Lorg/apache/http/protocol/HttpContext;)Lorg/apache/http/HttpResponse;+367
j  org.apache.http.impl.client.AbstractHttpClient.execute(Lorg/apache/http/HttpHost;Lorg/apache/http/HttpRequest;Lorg/apache/http/protocol/HttpContext;)Lorg/apache/http/HttpResponse;+344
j  org.apache.http.impl.client.DecompressingHttpClient.execute(Lorg/apache/http/HttpHost;Lorg/apache/http/HttpRequest;Lorg/apache/http/protocol/HttpContext;)Lorg/apache/http/HttpResponse;+65
j  org.apache.http.impl.client.DecompressingHttpClient.execute(Lorg/apache/http/client/methods/HttpUriRequest;Lorg/apache/http/protocol/HttpContext;)Lorg/apache/http/HttpResponse;+8
j  org.gradle.internal.resource.transport.http.HttpClientHelper.performHttpRequest(Lorg/apache/http/client/methods/HttpRequestBase;)Lorg/apache/http/HttpResponse;+37
j  org.gradle.internal.resource.transport.http.HttpClientHelper.executeGetOrHead(Lorg/apache/http/client/methods/HttpRequestBase;)Lorg/apache/http/HttpResponse;+2
j  org.gradle.internal.resource.transport.http.HttpClientHelper.performRequest(Lorg/apache/http/client/methods/HttpRequestBase;)Lorg/apache/http/HttpResponse;+7
j  org.gradle.internal.resource.transport.http.HttpClientHelper.performRawGet(Ljava/lang/String;)Lorg/apache/http/HttpResponse;+9
j  org.gradle.internal.resource.transport.http.HttpClientHelper.performGet(Ljava/lang/String;)Lorg/apache/http/HttpResponse;+6
j  org.gradle.internal.resource.transport.http.HttpResourceAccessor.getResource(Ljava/net/URI;)Lorg/gradle/internal/resource/transport/http/HttpResponseResource;+25
j  org.gradle.internal.resource.transport.http.HttpResourceAccessor.getResource(Ljava/net/URI;)Lorg/gradle/internal/resource/ExternalResource;+2
j  org.gradle.internal.resource.transport.DefaultExternalResourceRepository.getResource(Ljava/net/URI;)Lorg/gradle/internal/resource/ExternalResource;+5
j  org.gradle.api.internal.artifacts.repositories.resolver.MavenMetadataLoader.parseMavenMetadataInfo(Ljava/net/URI;Lorg/gradle/api/internal/artifacts/repositories/resolver/MavenMetadata;)V+5
j  org.gradle.api.internal.artifacts.repositories.resolver.MavenMetadataLoader.load(Ljava/net/URI;)Lorg/gradle/api/internal/artifacts/repositories/resolver/MavenMetadata;+11
j  org.gradle.api.internal.artifacts.repositories.resolver.MavenResolver.parseMavenMetadata(Ljava/net/URI;)Lorg/gradle/api/internal/artifacts/repositories/resolver/MavenMetadata;+5
j  org.gradle.api.internal.artifacts.repositories.resolver.MavenResolver.findUniqueSnapshotVersion(Lorg/gradle/api/artifacts/component/ModuleComponentIdentifier;Lorg/gradle/internal/resolve/result/ResourceAwareResolveResult;)Lorg/gradle/api/internal/artifacts/repositories/resolver/MavenUniqueSnapshotModuleSource;+26
j  org.gradle.api.internal.artifacts.repositories.resolver.MavenResolver.doResolveComponentMetaData(Lorg/gradle/internal/component/model/DependencyMetaData;Lorg/gradle/api/artifacts/component/ModuleComponentIdentifier;Lorg/gradle/internal/resolve/result/BuildableModuleComponentMetaDataResolveResult;)V+11
j  org.gradle.api.internal.artifacts.repositories.resolver.ExternalResourceResolver$RemoteRepositoryAccess.resolveComponentMetaData(Lorg/gradle/internal/component/model/DependencyMetaData;Lorg/gradle/api/artifacts/component/ModuleComponentIdentifier;Lorg/gradle/internal/resolve/result/BuildableModuleComponentMetaDataResolveResult;)V+7
j  org.gradle.api.internal.artifacts.ivyservice.ivyresolve.CacheLockReleasingModuleComponentsRepository$LockReleasingRepositoryAccess$2.run()V+19
j  org.gradle.internal.Factories$1.create()Ljava/lang/Object;+4
j  org.gradle.cache.internal.DefaultCacheAccess.longRunningOperation(Ljava/lang/String;Lorg/gradle/internal/Factory;)Ljava/lang/Object;+7
j  org.gradle.cache.internal.DefaultCacheAccess.longRunningOperation(Ljava/lang/String;Ljava/lang/Runnable;)V+6
j  org.gradle.cache.internal.DefaultPersistentDirectoryStore.longRunningOperation(Ljava/lang/String;Ljava/lang/Runnable;)V+6
j  org.gradle.cache.internal.DefaultCacheFactory$ReferenceTrackingCache.longRunningOperation(Ljava/lang/String;Ljava/lang/Runnable;)V+9
j  org.gradle.api.internal.artifacts.ivyservice.DefaultCacheLockingManager.longRunningOperation(Ljava/lang/String;Ljava/lang/Runnable;)V+6
j  org.gradle.api.internal.artifacts.ivyservice.ivyresolve.CacheLockReleasingModuleComponentsRepository$LockReleasingRepositoryAccess.resolveComponentMetaData(Lorg/gradle/internal/component/model/DependencyMetaData;Lorg/gradle/api/artifacts/component/ModuleComponentIdentifier;Lorg/gradle/internal/resolve/result/BuildableModuleComponentMetaDataResolveResult;)V+35
j  org.gradle.api.internal.artifacts.ivyservice.ivyresolve.CachingModuleComponentRepository$ResolveAndCacheRepositoryAccess.resolveComponentMetaData(Lorg/gradle/internal/component/model/DependencyMetaData;Lorg/gradle/api/artifacts/component/ModuleComponentIdentifier;Lorg/gradle/internal/resolve/result/BuildableModuleComponentMetaDataResolveResult;)V+24
J 3400 C2 org.gradle.api.internal.artifacts.ivyservice.ivyresolve.RepositoryChainDependencyResolver.findBestMatch(Ljava/util/LinkedList;Ljava/util/Collection;Ljava/util/Collection;)Lorg/gradle/api/internal/artifacts/ivyservice/ivyresolve/RepositoryChainModuleResolution; (199 bytes) @ 0x000000000347ffc0 [0x000000000347ec20+0x13a0]
J 1768 C2 org.gradle.api.internal.artifacts.ivyservice.ivyresolve.RepositoryChainDependencyResolver.resolve(Lorg/gradle/internal/component/model/DependencyMetaData;Lorg/gradle/internal/resolve/result/BuildableComponentResolveResult;)V (341 bytes) @ 0x0000000002fa9488 [0x0000000002fa8a20+0xa68]
j  org.gradle.api.internal.artifacts.ivyservice.ivyresolve.RepositoryChainAdapter.resolve(Lorg/gradle/internal/component/model/DependencyMetaData;Lorg/gradle/api/artifacts/component/ComponentIdentifier;Lorg/gradle/internal/resolve/result/BuildableComponentResolveResult;)V+64
j  org.gradle.api.internal.artifacts.ivyservice.clientmodule.ClientModuleResolver.resolve(Lorg/gradle/internal/component/model/DependencyMetaData;Lorg/gradle/api/artifacts/component/ComponentIdentifier;Lorg/gradle/internal/resolve/result/BuildableComponentResolveResult;)V+7
j  org.gradle.api.internal.artifacts.ivyservice.resolveengine.graph.DependencyGraphBuilder$ModuleVersionResolveState.resolve()V+89
J 1669 C2 org.gradle.api.internal.artifacts.ivyservice.resolveengine.graph.DependencyGraphBuilder$DependencyEdge.attachToTargetConfigurations()V (79 bytes) @ 0x0000000002f465b0 [0x0000000002f45780+0xe30]
J 1825 C2 org.gradle.api.internal.artifacts.ivyservice.resolveengine.graph.DependencyGraphBuilder.traverseGraph(Lorg/gradle/api/internal/artifacts/ivyservice/resolveengine/graph/DependencyGraphBuilder$ResolveState;Lorg/gradle/api/internal/artifacts/ivyservice/resolveengine/graph/conflicts/ConflictHandler;)V (257 bytes) @ 0x0000000002fcfce8 [0x0000000002fcf3a0+0x948]
j  org.gradle.api.internal.artifacts.ivyservice.resolveengine.graph.DependencyGraphBuilder.resolveDependencyGraph(Lorg/gradle/api/internal/artifacts/configurations/ConfigurationInternal;Lorg/gradle/api/internal/artifacts/ivyservice/resolveengine/graph/DependencyGraphVisitor;)V+94
j  org.gradle.api.internal.artifacts.ivyservice.resolveengine.graph.DependencyGraphBuilder.resolve(Lorg/gradle/api/internal/artifacts/configurations/ConfigurationInternal;Lorg/gradle/api/internal/artifacts/ivyservice/resolveengine/result/ResolutionResultBuilder;Lorg/gradle/api/internal/artifacts/ivyservice/resolveengine/oldresult/ResolvedConfigurationBuilder;)V+51
j  org.gradle.api.internal.artifacts.ivyservice.resolveengine.DefaultDependencyResolver$1.execute(Lorg/apache/ivy/Ivy;)V+314
j  org.gradle.api.internal.artifacts.ivyservice.resolveengine.DefaultDependencyResolver$1.execute(Ljava/lang/Object;)V+5
j  org.gradle.internal.Transformers$4.transform(Ljava/lang/Object;)Ljava/lang/Object;+5
j  org.gradle.api.internal.artifacts.ivyservice.DefaultIvyContextManager.withIvy(Lorg/gradle/api/Transformer;)Ljava/lang/Object;+96
j  org.gradle.api.internal.artifacts.ivyservice.DefaultIvyContextManager.withIvy(Lorg/gradle/api/Action;)V+5
j  org.gradle.api.internal.artifacts.ivyservice.resolveengine.DefaultDependencyResolver.resolve(Lorg/gradle/api/internal/artifacts/configurations/ConfigurationInternal;Ljava/util/List;Lorg/gradle/api/internal/artifacts/GlobalDependencyResolutionRules;Lorg/gradle/api/internal/artifacts/ResolverResults;)V+28
j  org.gradle.api.internal.artifacts.ivyservice.CacheLockingArtifactDependencyResolver$1.run()V+23
j  org.gradle.internal.Factories$1.create()Ljava/lang/Object;+4
j  org.gradle.cache.internal.DefaultCacheAccess.useCache(Ljava/lang/String;Lorg/gradle/internal/Factory;)Ljava/lang/Object;+45
j  org.gradle.cache.internal.DefaultCacheAccess.useCache(Ljava/lang/String;Ljava/lang/Runnable;)V+6
j  org.gradle.cache.internal.DefaultPersistentDirectoryStore.useCache(Ljava/lang/String;Ljava/lang/Runnable;)V+6
j  org.gradle.cache.internal.DefaultCacheFactory$ReferenceTrackingCache.useCache(Ljava/lang/String;Ljava/lang/Runnable;)V+9
j  org.gradle.api.internal.artifacts.ivyservice.DefaultCacheLockingManager.useCache(Ljava/lang/String;Ljava/lang/Runnable;)V+6
j  org.gradle.api.internal.artifacts.ivyservice.CacheLockingArtifactDependencyResolver.resolve(Lorg/gradle/api/internal/artifacts/configurations/ConfigurationInternal;Ljava/util/List;Lorg/gradle/api/internal/artifacts/GlobalDependencyResolutionRules;Lorg/gradle/api/internal/artifacts/ResolverResults;)V+30
j  org.gradle.api.internal.artifacts.ivyservice.SelfResolvingDependencyResolver.resolve(Lorg/gradle/api/internal/artifacts/configurations/ConfigurationInternal;Ljava/util/List;Lorg/gradle/api/internal/artifacts/GlobalDependencyResolutionRules;Lorg/gradle/api/internal/artifacts/ResolverResults;)V+9
j  org.gradle.api.internal.artifacts.ivyservice.ShortcircuitEmptyConfigsArtifactDependencyResolver.resolve(Lorg/gradle/api/internal/artifacts/configurations/ConfigurationInternal;Ljava/util/List;Lorg/gradle/api/internal/artifacts/GlobalDependencyResolutionRules;Lorg/gradle/api/internal/artifacts/ResolverResults;)V+88
j  org.gradle.api.internal.artifacts.ivyservice.ErrorHandlingArtifactDependencyResolver.resolve(Lorg/gradle/api/internal/artifacts/configurations/ConfigurationInternal;Ljava/util/List;Lorg/gradle/api/internal/artifacts/GlobalDependencyResolutionRules;Lorg/gradle/api/internal/artifacts/ResolverResults;)V+9
j  org.gradle.api.internal.artifacts.ivyservice.DefaultConfigurationResolver.resolve(Lorg/gradle/api/internal/artifacts/configurations/ConfigurationInternal;)Lorg/gradle/api/internal/artifacts/ResolverResults;+33
j  org.gradle.api.internal.artifacts.configurations.DefaultConfiguration.resolveNow()V+40
j  org.gradle.api.internal.artifacts.configurations.DefaultConfiguration.getResolvedConfiguration()Lorg/gradle/api/artifacts/ResolvedConfiguration;+1
j  org.gradle.api.internal.artifacts.configurations.DefaultConfiguration_Decorated.getResolvedConfiguration()Lorg/gradle/api/artifacts/ResolvedConfiguration;+7
j  com.android.build.gradle.internal.DependencyManager.collectArtifacts(Lorg/gradle/api/artifacts/Configuration;Ljava/util/Map;)V+33
j  com.android.build.gradle.internal.DependencyManager.resolveDependencyForConfig(Lcom/android/build/gradle/internal/dependency/VariantDependencies;Lcom/android/build/gradle/internal/dependency/VariantDependencies;Lcom/google/common/collect/Multimap;)V+237
j  com.android.build.gradle.internal.DependencyManager.resolveDependencies(Lcom/android/build/gradle/internal/dependency/VariantDependencies;Lcom/android/build/gradle/internal/dependency/VariantDependencies;)V+24
j  com.android.build.gradle.internal.TaskManager.resolveDependencies(Lcom/android/build/gradle/internal/dependency/VariantDependencies;Lcom/android/build/gradle/internal/dependency/VariantDependencies;)V+6
j  com.android.build.gradle.internal.VariantManager.createVariantData(Lcom/android/builder/model/BuildType;Ljava/util/List;Lcom/android/builder/model/SigningConfig;)Lcom/android/build/gradle/internal/variant/BaseVariantData;+626
j  com.android.build.gradle.internal.VariantManager.createVariantDataForProductFlavors(Lcom/android/builder/model/SigningConfig;Ljava/util/List;)V+168
j  com.android.build.gradle.internal.VariantManager.populateVariantDataList(Lcom/android/builder/model/SigningConfig;)V+24
j  com.android.build.gradle.internal.VariantManager.createAndroidTasks(Lcom/android/builder/model/SigningConfig;)V+31
j  com.android.build.gradle.BasePlugin.createAndroidTasks(Z)V+269
j  com.android.build.gradle.BasePlugin$_createTasks_closure9.doCall(Ljava/lang/Object;)Ljava/lang/Object;+34
v  ~StubRoutines::call_stub
J 3655  sun.reflect.NativeMethodAccessorImpl.invoke0(Ljava/lang/reflect/Method;Ljava/lang/Object;[Ljava/lang/Object;)Ljava/lang/Object; (0 bytes) @ 0x00000000034f33df [0x00000000034f3360+0x7f]
J 3654 C2 sun.reflect.NativeMethodAccessorImpl.invoke(Ljava/lang/Object;[Ljava/lang/Object;)Ljava/lang/Object; (91 bytes) @ 0x0000000002f59c88 [0x0000000002f59c20+0x68]
J 1555 C2 org.codehaus.groovy.reflection.CachedMethod.invoke(Ljava/lang/Object;[Ljava/lang/Object;)Ljava/lang/Object; (70 bytes) @ 0x0000000002b2381c [0x0000000002b237a0+0x7c]
j  groovy.lang.MetaMethod.doMethodInvoke(Ljava/lang/Object;[Ljava/lang/Object;)Ljava/lang/Object;+9
j  org.codehaus.groovy.runtime.metaclass.ClosureMetaClass.invokeMethod(Ljava/lang/Class;Ljava/lang/Object;Ljava/lang/String;[Ljava/lang/Object;ZZ)Ljava/lang/Object;+241
j  groovy.lang.MetaClassImpl.invokeMethod(Ljava/lang/Object;Ljava/lang/String;[Ljava/lang/Object;)Ljava/lang/Object;+10
j  groovy.lang.Closure.call([Ljava/lang/Object;)Ljava/lang/Object;+8
j  org.gradle.listener.ClosureBackedMethodInvocationDispatch.dispatch(Lorg/gradle/messaging/dispatch/MethodInvocation;)V+62
j  org.gradle.listener.ClosureBackedMethodInvocationDispatch.dispatch(Ljava/lang/Object;)V+5
J 1587 C2 org.gradle.listener.BroadcastDispatch.dispatch(Lorg/gradle/messaging/dispatch/MethodInvocation;)V (147 bytes) @ 0x0000000002f22198 [0x0000000002f21ea0+0x2f8]
J 3198 C2 org.gradle.messaging.dispatch.ProxyDispatchAdapter$DispatchingInvocationHandler.invoke(Ljava/lang/Object;Ljava/lang/reflect/Method;[Ljava/lang/Object;)Ljava/lang/Object; (179 bytes) @ 0x0000000003202d9c [0x0000000003202a60+0x33c]
j  com.sun.proxy.$Proxy12.afterEvaluate(Lorg/gradle/api/Project;Lorg/gradle/api/ProjectState;)V+20
j  org.gradle.configuration.project.LifecycleProjectEvaluator.notifyAfterEvaluate(Lorg/gradle/api/ProjectEvaluationListener;Lorg/gradle/api/internal/project/ProjectInternal;Lorg/gradle/api/internal/project/ProjectStateInternal;)V+3
j  org.gradle.configuration.project.LifecycleProjectEvaluator.evaluate(Lorg/gradle/api/internal/project/ProjectInternal;Lorg/gradle/api/internal/project/ProjectStateInternal;)V+72
j  org.gradle.api.internal.project.AbstractProject.evaluate()Lorg/gradle/api/internal/project/AbstractProject;+9
j  org.gradle.api.internal.project.AbstractProject.evaluate()Lorg/gradle/api/Project;+1
j  org.gradle.execution.TaskPathProjectEvaluator.configureHierarchy(Lorg/gradle/api/internal/project/ProjectInternal;)V+82
j  org.gradle.configuration.DefaultBuildConfigurer.configure(Lorg/gradle/api/internal/GradleInternal;)V+50
j  org.gradle.initialization.DefaultGradleLauncher.doBuildStages(Lorg/gradle/initialization/DefaultGradleLauncher$Stage;)V+85
j  org.gradle.initialization.DefaultGradleLauncher.doBuild(Lorg/gradle/initialization/DefaultGradleLauncher$Stage;)Lorg/gradle/BuildResult;+27
j  org.gradle.initialization.DefaultGradleLauncher.getBuildAnalysis()Lorg/gradle/BuildResult;+4
j  org.gradle.launcher.exec.InProcessBuildActionExecuter$DefaultBuildController.configure()Lorg/gradle/api/internal/GradleInternal;+5
j  org.gradle.tooling.internal.provider.ClientProvidedBuildAction.run(Lorg/gradle/initialization/BuildController;)Lorg/gradle/tooling/internal/provider/BuildActionResult;+39
j  org.gradle.tooling.internal.provider.ClientProvidedBuildAction.run(Lorg/gradle/initialization/BuildController;)Ljava/lang/Object;+2
j  org.gradle.tooling.internal.provider.ConfiguringBuildAction.run(Lorg/gradle/initialization/BuildController;)Ljava/lang/Object;+15
j  org.gradle.launcher.exec.InProcessBuildActionExecuter.execute(Lorg/gradle/initialization/BuildAction;Lorg/gradle/initialization/BuildCancellationToken;Lorg/gradle/launcher/exec/BuildActionParameters;)Ljava/lang/Object;+19
j  org.gradle.launcher.exec.InProcessBuildActionExecuter.execute(Lorg/gradle/initialization/BuildAction;Lorg/gradle/initialization/BuildCancellationToken;Ljava/lang/Object;)Ljava/lang/Object;+7
j  org.gradle.launcher.daemon.server.exec.ExecuteBuild.doBuild(Lorg/gradle/launcher/daemon/server/exec/DaemonCommandExecution;Lorg/gradle/launcher/daemon/protocol/Build;)V+47
j  org.gradle.launcher.daemon.server.exec.BuildCommandOnly.execute(Lorg/gradle/launcher/daemon/server/exec/DaemonCommandExecution;)V+49
j  org.gradle.launcher.daemon.server.exec.DaemonCommandExecution.proceed()Z+28
j  org.gradle.launcher.daemon.server.exec.WatchForDisconnection.execute(Lorg/gradle/launcher/daemon/server/exec/DaemonCommandExecution;)V+19
j  org.gradle.launcher.daemon.server.exec.DaemonCommandExecution.proceed()Z+28
j  org.gradle.launcher.daemon.server.exec.ResetDeprecationLogger.execute(Lorg/gradle/launcher/daemon/server/exec/DaemonCommandExecution;)V+4
j  org.gradle.launcher.daemon.server.exec.DaemonCommandExecution.proceed()Z+28
j  org.gradle.launcher.daemon.server.exec.StartStopIfBuildAndStop.execute(Lorg/gradle/launcher/daemon/server/exec/DaemonCommandExecution;)V+34
j  org.gradle.launcher.daemon.server.exec.DaemonCommandExecution.proceed()Z+28
j  org.gradle.launcher.daemon.server.exec.ForwardClientInput$2.call()Ljava/lang/Void;+4
j  org.gradle.launcher.daemon.server.exec.ForwardClientInput$2.call()Ljava/lang/Object;+1
j  org.gradle.util.Swapper.swap(Ljava/lang/Object;Ljava/util/concurrent/Callable;)Ljava/lang/Object;+21
j  org.gradle.launcher.daemon.server.exec.ForwardClientInput.execute(Lorg/gradle/launcher/daemon/server/exec/DaemonCommandExecution;)V+63
j  org.gradle.launcher.daemon.server.exec.DaemonCommandExecution.proceed()Z+28
j  org.gradle.launcher.daemon.server.exec.LogToClient.doBuild(Lorg/gradle/launcher/daemon/server/exec/DaemonCommandExecution;Lorg/gradle/launcher/daemon/protocol/Build;)V+92
j  org.gradle.launcher.daemon.server.exec.BuildCommandOnly.execute(Lorg/gradle/launcher/daemon/server/exec/DaemonCommandExecution;)V+49
j  org.gradle.launcher.daemon.server.exec.DaemonCommandExecution.proceed()Z+28
j  org.gradle.launcher.daemon.server.exec.EstablishBuildEnvironment.doBuild(Lorg/gradle/launcher/daemon/server/exec/DaemonCommandExecution;Lorg/gradle/launcher/daemon/protocol/Build;)V+237
j  org.gradle.launcher.daemon.server.exec.BuildCommandOnly.execute(Lorg/gradle/launcher/daemon/server/exec/DaemonCommandExecution;)V+49
j  org.gradle.launcher.daemon.server.exec.DaemonCommandExecution.proceed()Z+28
j  org.gradle.launcher.daemon.server.exec.DaemonHygieneAction.execute(Lorg/gradle/launcher/daemon/server/exec/DaemonCommandExecution;)V+1
j  org.gradle.launcher.daemon.server.exec.DaemonCommandExecution.proceed()Z+28
j  org.gradle.launcher.daemon.server.exec.StartBuildOrRespondWithBusy$1.run()V+44
j  org.gradle.launcher.daemon.server.DaemonStateCoordinator$1.run()V+4
j  org.gradle.internal.concurrent.DefaultExecutorFactory$StoppableExecutorImpl$1.run()V+18
j  java.util.concurrent.ThreadPoolExecutor.runWorker(Ljava/util/concurrent/ThreadPoolExecutor$Worker;)V+95
j  java.util.concurrent.ThreadPoolExecutor$Worker.run()V+5
j  java.lang.Thread.run()V+11
v  ~StubRoutines::call_stub

---------------  P R O C E S S  ---------------

Java Threads: ( => current thread )
  0x000000000e3bb800 JavaThread "Stdin handler" [_thread_blocked, id=4368, stack(0x000000000ee70000,0x000000000ef70000)]
  0x000000000e3b6000 JavaThread "Cancel handler" [_thread_blocked, id=6060, stack(0x000000000dca0000,0x000000000dda0000)]
  0x000000000e3b4000 JavaThread "Handler for socket connection from /127.0.0.1:51480 to /127.0.0.1:56802" [_thread_in_native, id=1488, stack(0x000000000dba0000,0x000000000dca0000)]
=>0x000000000e3ba000 JavaThread "Daemon worker Thread 28" [_thread_in_native, id=5152, stack(0x000000000d9a0000,0x000000000daa0000)]
  0x000000000e3b5800 JavaThread "Daemon Thread 28" [_thread_blocked, id=5944, stack(0x000000000c400000,0x000000000c500000)]
  0x000000000c67e800 JavaThread "File lock request listener" [_thread_in_native, id=4204, stack(0x000000000dda0000,0x000000000dea0000)]
  0x000000000b066000 JavaThread "Incoming local TCP Connector on port 51480" [_thread_in_native, id=896, stack(0x000000000d6a0000,0x000000000d7a0000)]
  0x0000000008e1c800 JavaThread "Service Thread" daemon [_thread_blocked, id=5664, stack(0x000000000a570000,0x000000000a670000)]
  0x0000000008e16000 JavaThread "C2 CompilerThread1" daemon [_thread_blocked, id=1472, stack(0x000000000a470000,0x000000000a570000)]
  0x0000000008e0a000 JavaThread "C2 CompilerThread0" daemon [_thread_blocked, id=5332, stack(0x000000000a370000,0x000000000a470000)]
  0x0000000008e09000 JavaThread "Attach Listener" daemon [_thread_blocked, id=4848, stack(0x000000000a270000,0x000000000a370000)]
  0x0000000008e06000 JavaThread "Signal Dispatcher" daemon [_thread_blocked, id=2128, stack(0x000000000a170000,0x000000000a270000)]
  0x0000000008dce800 JavaThread "Finalizer" daemon [_thread_blocked, id=6020, stack(0x000000000a070000,0x000000000a170000)]
  0x0000000008dc5800 JavaThread "Reference Handler" daemon [_thread_blocked, id=6004, stack(0x0000000009f70000,0x000000000a070000)]
  0x00000000027d0800 JavaThread "main" [_thread_blocked, id=1248, stack(0x0000000002640000,0x0000000002740000)]

Other Threads:
  0x0000000008dc0000 VMThread [stack: 0x0000000009e70000,0x0000000009f70000] [id=2212]
  0x0000000008e27800 WatcherThread [stack: 0x000000000a670000,0x000000000a770000] [id=5036]

VM state:not at safepoint (normal execution)

VM Mutex/Monitor currently owned by a thread: None

Heap
 PSYoungGen      total 300032K, used 206316K [0x00000000eaa80000, 0x0000000100000000, 0x0000000100000000)
  eden space 253440K, 75% used [0x00000000eaa80000,0x00000000f6607af8,0x00000000fa200000)
  from space 46592K, 30% used [0x00000000fcf80000,0x00000000fdd737e0,0x00000000ffd00000)
  to   space 46592K, 0% used [0x00000000fa200000,0x00000000fa200000,0x00000000fcf80000)
 ParOldGen       total 217600K, used 125376K [0x00000000c0000000, 0x00000000cd480000, 0x00000000eaa80000)
  object space 217600K, 57% used [0x00000000c0000000,0x00000000c7a70048,0x00000000cd480000)
 PSPermGen       total 218112K, used 205782K [0x00000000b0000000, 0x00000000bd500000, 0x00000000c0000000)
  object space 218112K, 94% used [0x00000000b0000000,0x00000000bc8f5bc8,0x00000000bd500000)

Card table byte_map: [0x0000000005990000,0x0000000005c20000] byte_map_base: 0x0000000005410000

Polling page: 0x0000000002740000

Code Cache  [0x00000000028d0000, 0x0000000003760000, 0x00000000058d0000)
 total_blobs=4371 nmethods=3702 adapters=620 free_code_cache=34441Kb largest_free_block=35098240

Compilation events (10 events):
Event: 24356.656 Thread 0x0000000008e16000 4288   !         org.codehaus.groovy.antlr.parser.GroovyLexer::mSTRING_LITERAL (1054 bytes)
Event: 24356.714 Thread 0x0000000008e16000 nmethod 4288 0x00000000037533d0 code [0x00000000037538c0, 0x0000000003755018]
Event: 24357.352 Thread 0x0000000008e0a000 4289             org.gradle.api.internal.artifacts.repositories.resolver.ExternalResourceResolver$AbstractRepositoryAccess::<init> (10 bytes)
Event: 24357.352 Thread 0x0000000008e0a000 nmethod 4289 0x0000000003703c90 code [0x0000000003703dc0, 0x0000000003703e18]
Event: 24357.549 Thread 0x0000000008e16000 4290             org.codehaus.groovy.antlr.AntlrParserPlugin::configureAST (95 bytes)
Event: 24357.550 Thread 0x0000000008e0a000 4291             org.codehaus.groovy.ast.ASTNode::putNodeMetaData (64 bytes)
Event: 24357.551 Thread 0x0000000008e16000 nmethod 4290 0x00000000037238d0 code [0x0000000003723a20, 0x0000000003723b38]
Event: 24357.556 Thread 0x0000000008e0a000 nmethod 4291 0x00000000037052d0 code [0x0000000003705460, 0x00000000037059e8]
Event: 24357.753 Thread 0x0000000008e16000 4292             org.codehaus.groovy.classgen.asm.WriterController::getMethodVisitor (5 bytes)
Event: 24357.754 Thread 0x0000000008e16000 nmethod 4292 0x00000000037236d0 code [0x0000000003723800, 0x0000000003723858]

GC Heap History (10 events):
Event: 24170.810 GC heap before
{Heap before GC invocations=113 (full 30):
 PSYoungGen      total 294912K, used 26701K [0x00000000eaa80000, 0x0000000100000000, 0x0000000100000000)
  eden space 245760K, 0% used [0x00000000eaa80000,0x00000000eaa80000,0x00000000f9a80000)
  from space 49152K, 54% used [0x00000000f9a80000,0x00000000fb4935f0,0x00000000fca80000)
  to   space 47104K, 0% used [0x00000000fd200000,0x00000000fd200000,0x0000000100000000)
 ParOldGen       total 217600K, used 80806K [0x00000000c0000000, 0x00000000cd480000, 0x00000000eaa80000)
  object space 217600K, 37% used [0x00000000c0000000,0x00000000c4ee99c0,0x00000000cd480000)
 PSPermGen       total 196096K, used 183992K [0x00000000b0000000, 0x00000000bbf80000, 0x00000000c0000000)
  object space 196096K, 93% used [0x00000000b0000000,0x00000000bb3ae0c0,0x00000000bbf80000)
Event: 24171.903 GC heap after
Heap after GC invocations=113 (full 30):
 PSYoungGen      total 294912K, used 0K [0x00000000eaa80000, 0x0000000100000000, 0x0000000100000000)
  eden space 245760K, 0% used [0x00000000eaa80000,0x00000000eaa80000,0x00000000f9a80000)
  from space 49152K, 0% used [0x00000000f9a80000,0x00000000f9a80000,0x00000000fca80000)
  to   space 47104K, 0% used [0x00000000fd200000,0x00000000fd200000,0x0000000100000000)
 ParOldGen       total 217600K, used 104430K [0x00000000c0000000, 0x00000000cd480000, 0x00000000eaa80000)
  object space 217600K, 47% used [0x00000000c0000000,0x00000000c65fb930,0x00000000cd480000)
 PSPermGen       total 210432K, used 183913K [0x00000000b0000000, 0x00000000bcd80000, 0x00000000c0000000)
  object space 210432K, 87% used [0x00000000b0000000,0x00000000bb39a6c8,0x00000000bcd80000)
}
Event: 24283.442 GC heap before
{Heap before GC invocations=114 (full 30):
 PSYoungGen      total 294912K, used 245760K [0x00000000eaa80000, 0x0000000100000000, 0x0000000100000000)
  eden space 245760K, 100% used [0x00000000eaa80000,0x00000000f9a80000,0x00000000f9a80000)
  from space 49152K, 0% used [0x00000000f9a80000,0x00000000f9a80000,0x00000000fca80000)
  to   space 47104K, 0% used [0x00000000fd200000,0x00000000fd200000,0x0000000100000000)
 ParOldGen       total 217600K, used 104430K [0x00000000c0000000, 0x00000000cd480000, 0x00000000eaa80000)
  object space 217600K, 47% used [0x00000000c0000000,0x00000000c65fb930,0x00000000cd480000)
 PSPermGen       total 210432K, used 184467K [0x00000000b0000000, 0x00000000bcd80000, 0x00000000c0000000)
  object space 210432K, 87% used [0x00000000b0000000,0x00000000bb424e20,0x00000000bcd80000)
Event: 24283.459 GC heap after
Heap after GC invocations=114 (full 30):
 PSYoungGen      total 299520K, used 7648K [0x00000000eaa80000, 0x0000000100000000, 0x0000000100000000)
  eden space 252416K, 0% used [0x00000000eaa80000,0x00000000eaa80000,0x00000000fa100000)
  from space 47104K, 16% used [0x00000000fd200000,0x00000000fd978030,0x0000000100000000)
  to   space 48640K, 0% used [0x00000000fa100000,0x00000000fa100000,0x00000000fd080000)
 ParOldGen       total 217600K, used 104430K [0x00000000c0000000, 0x00000000cd480000, 0x00000000eaa80000)
  object space 217600K, 47% used [0x00000000c0000000,0x00000000c65fb930,0x00000000cd480000)
 PSPermGen       total 210432K, used 184467K [0x00000000b0000000, 0x00000000bcd80000, 0x00000000c0000000)
  object space 210432K, 87% used [0x00000000b0000000,0x00000000bb424e20,0x00000000bcd80000)
}
Event: 24296.044 GC heap before
{Heap before GC invocations=115 (full 30):
 PSYoungGen      total 299520K, used 194995K [0x00000000eaa80000, 0x0000000100000000, 0x0000000100000000)
  eden space 252416K, 74% used [0x00000000eaa80000,0x00000000f6174fc0,0x00000000fa100000)
  from space 47104K, 16% used [0x00000000fd200000,0x00000000fd978030,0x0000000100000000)
  to   space 48640K, 0% used [0x00000000fa100000,0x00000000fa100000,0x00000000fd080000)
 ParOldGen       total 217600K, used 104430K [0x00000000c0000000, 0x00000000cd480000, 0x00000000eaa80000)
  object space 217600K, 47% used [0x00000000c0000000,0x00000000c65fb930,0x00000000cd480000)
 PSPermGen       total 210432K, used 192787K [0x00000000b0000000, 0x00000000bcd80000, 0x00000000c0000000)
  object space 210432K, 91% used [0x00000000b0000000,0x00000000bbc44e88,0x00000000bcd80000)
Event: 24296.087 GC heap after
Heap after GC invocations=115 (full 30):
 PSYoungGen      total 277504K, used 24881K [0x00000000eaa80000, 0x00000000ffd00000, 0x0000000100000000)
  eden space 252416K, 0% used [0x00000000eaa80000,0x00000000eaa80000,0x00000000fa100000)
  from space 25088K, 99% used [0x00000000fa100000,0x00000000fb94c580,0x00000000fb980000)
  to   space 46592K, 0% used [0x00000000fcf80000,0x00000000fcf80000,0x00000000ffd00000)
 ParOldGen       total 217600K, used 104430K [0x00000000c0000000, 0x00000000cd480000, 0x00000000eaa80000)
  object space 217600K, 47% used [0x00000000c0000000,0x00000000c65fb930,0x00000000cd480000)
 PSPermGen       total 210432K, used 192787K [0x00000000b0000000, 0x00000000bcd80000, 0x00000000c0000000)
  object space 210432K, 91% used [0x00000000b0000000,0x00000000bbc44e88,0x00000000bcd80000)
}
Event: 24296.087 GC heap before
{Heap before GC invocations=116 (full 31):
 PSYoungGen      total 277504K, used 24881K [0x00000000eaa80000, 0x00000000ffd00000, 0x0000000100000000)
  eden space 252416K, 0% used [0x00000000eaa80000,0x00000000eaa80000,0x00000000fa100000)
  from space 25088K, 99% used [0x00000000fa100000,0x00000000fb94c580,0x00000000fb980000)
  to   space 46592K, 0% used [0x00000000fcf80000,0x00000000fcf80000,0x00000000ffd00000)
 ParOldGen       total 217600K, used 104430K [0x00000000c0000000, 0x00000000cd480000, 0x00000000eaa80000)
  object space 217600K, 47% used [0x00000000c0000000,0x00000000c65fb930,0x00000000cd480000)
 PSPermGen       total 210432K, used 192787K [0x00000000b0000000, 0x00000000bcd80000, 0x00000000c0000000)
  object space 210432K, 91% used [0x00000000b0000000,0x00000000bbc44e88,0x00000000bcd80000)
Event: 24297.609 GC heap after
Heap after GC invocations=116 (full 31):
 PSYoungGen      total 277504K, used 0K [0x00000000eaa80000, 0x00000000ffd00000, 0x0000000100000000)
  eden space 252416K, 0% used [0x00000000eaa80000,0x00000000eaa80000,0x00000000fa100000)
  from space 25088K, 0% used [0x00000000fa100000,0x00000000fa100000,0x00000000fb980000)
  to   space 46592K, 0% used [0x00000000fcf80000,0x00000000fcf80000,0x00000000ffd00000)
 ParOldGen       total 217600K, used 125376K [0x00000000c0000000, 0x00000000cd480000, 0x00000000eaa80000)
  object space 217600K, 57% used [0x00000000c0000000,0x00000000c7a70048,0x00000000cd480000)
 PSPermGen       total 218112K, used 192662K [0x00000000b0000000, 0x00000000bd500000, 0x00000000c0000000)
  object space 218112K, 88% used [0x00000000b0000000,0x00000000bbc25a00,0x00000000bd500000)
}
Event: 24356.934 GC heap before
{Heap before GC invocations=117 (full 31):
 PSYoungGen      total 277504K, used 252416K [0x00000000eaa80000, 0x00000000ffd00000, 0x0000000100000000)
  eden space 252416K, 100% used [0x00000000eaa80000,0x00000000fa100000,0x00000000fa100000)
  from space 25088K, 0% used [0x00000000fa100000,0x00000000fa100000,0x00000000fb980000)
  to   space 46592K, 0% used [0x00000000fcf80000,0x00000000fcf80000,0x00000000ffd00000)
 ParOldGen       total 217600K, used 125376K [0x00000000c0000000, 0x00000000cd480000, 0x00000000eaa80000)
  object space 217600K, 57% used [0x00000000c0000000,0x00000000c7a70048,0x00000000cd480000)
 PSPermGen       total 218112K, used 199219K [0x00000000b0000000, 0x00000000bd500000, 0x00000000c0000000)
  object space 218112K, 91% used [0x00000000b0000000,0x00000000bc28cdd8,0x00000000bd500000)
Event: 24356.954 GC heap after
Heap after GC invocations=117 (full 31):
 PSYoungGen      total 300032K, used 14285K [0x00000000eaa80000, 0x0000000100000000, 0x0000000100000000)
  eden space 253440K, 0% used [0x00000000eaa80000,0x00000000eaa80000,0x00000000fa200000)
  from space 46592K, 30% used [0x00000000fcf80000,0x00000000fdd737e0,0x00000000ffd00000)
  to   space 46592K, 0% used [0x00000000fa200000,0x00000000fa200000,0x00000000fcf80000)
 ParOldGen       total 217600K, used 125376K [0x00000000c0000000, 0x00000000cd480000, 0x00000000eaa80000)
  object space 217600K, 57% used [0x00000000c0000000,0x00000000c7a70048,0x00000000cd480000)
 PSPermGen       total 218112K, used 199219K [0x00000000b0000000, 0x00000000bd500000, 0x00000000c0000000)
  object space 218112K, 91% used [0x00000000b0000000,0x00000000bc28cdd8,0x00000000bd500000)
}

Deoptimization events (10 events):
Event: 23521.596 Thread 0x000000000e3b6000 Uncommon trap: reason=null_check action=make_not_entrant pc=0x000000000362a180 method=com.android.ide.common.res2.NodeUtils.processSingleNodeNamespace(Lorg/w3c/dom/Node;Lorg/w3c/dom/Document;)Z @ 8
Event: 24170.454 Thread 0x000000000e3bb800 Uncommon trap: reason=null_check action=make_not_entrant pc=0x0000000002fc4e44 method=org.gradle.api.internal.artifacts.ivyservice.resolveengine.graph.ResolvedConfigurationDependencyGraphVisitor.addUnresolvedDependency(Lorg/gradle/api/internal/artifacts/iv=)ªÙ š×@
Event: 24170.513 Thread 0x000000000e3bb800 Uncommon trap: reason=class_check action=maybe_recompile pc=0x0000000002b23b04 method=org.codehaus.groovy.reflection.CachedMethod.invoke(Ljava/lang/Object;[Ljava/lang/Object;)Ljava/lang/Object; @ 39
Event: 24170.569 Thread 0x000000000e3bb800 Uncommon trap: reason=unreached action=reinterpret pc=0x0000000002ade6ec method=java.util.HashMap.getEntry(Ljava/lang/Object;)Ljava/util/HashMap$Entry; @ 10
Event: 24170.569 Thread 0x000000000e3bb800 Uncommon trap: reason=unreached action=reinterpret pc=0x00000000029597ec method=java.util.HashMap.getEntry(Ljava/lang/Object;)Ljava/util/HashMap$Entry; @ 10
Event: 24171.955 Thread 0x000000000e3b4000 Uncommon trap: reason=unloaded action=reinterpret pc=0x0000000002e3dfec method=org.gradle.messaging.remote.internal.Message$ExceptionReplacingObjectOutputStream.replaceObject(Ljava/lang/Object;)Ljava/lang/Object; @ 7
Event: 24295.900 Thread 0x000000000e3ba000 Uncommon trap: reason=unreached action=reinterpret pc=0x000000000357e0bc method=org.codehaus.groovy.runtime.metaclass.ClosureMetaClass.assignMethodChooser()V @ 138
Event: 24295.902 Thread 0x000000000e3ba000 Uncommon trap: reason=unreached action=reinterpret pc=0x0000000002fe870c method=groovy.lang.MetaClassImpl.chooseMethodInternal(Ljava/lang/String;Ljava/lang/Object;[Ljava/lang/Class;)Ljava/lang/Object; @ 162
Event: 24305.740 Thread 0x000000000e3ba000 Uncommon trap: reason=class_check action=maybe_recompile pc=0x0000000002b23b04 method=org.codehaus.groovy.reflection.CachedMethod.invoke(Ljava/lang/Object;[Ljava/lang/Object;)Ljava/lang/Object; @ 39
Event: 24305.787 Thread 0x000000000e3b5800 Uncommon trap: reason=unloaded action=reinterpret pc=0x0000000003730500 method=java.io.ObjectOutputStream.writeObject0(Ljava/lang/Object;Z)V @ 559

Internal exceptions (10 events):
Event: 24358.651 Thread 0x000000000e3ba000 Threw 0x00000000f5e78238 at C:\re\jdk7u71\1605\hotspot\src\share\vm\prims\jvm.cpp:1281
Event: 24358.651 Thread 0x000000000e3ba000 Threw 0x00000000f5e78fd0 at C:\re\jdk7u71\1605\hotspot\src\share\vm\prims\jvm.cpp:1281
Event: 24358.651 Thread 0x000000000e3ba000 Threw 0x00000000f5e79bb0 at C:\re\jdk7u71\1605\hotspot\src\share\vm\prims\jvm.cpp:1281
Event: 24358.651 Thread 0x000000000e3ba000 Threw 0x00000000f5e80650 at C:\re\jdk7u71\1605\hotspot\src\share\vm\prims\jvm.cpp:1281
Event: 24358.651 Thread 0x000000000e3ba000 Threw 0x00000000f5e80a30 at C:\re\jdk7u71\1605\hotspot\src\share\vm\classfile\systemDictionary.cpp:185
Event: 24358.651 Thread 0x000000000e3ba000 Threw 0x00000000f5e86348 at C:\re\jdk7u71\1605\hotspot\src\share\vm\prims\jvm.cpp:1281
Event: 24358.652 Thread 0x000000000e3ba000 Threw 0x00000000f5e870f8 at C:\re\jdk7u71\1605\hotspot\src\share\vm\prims\jvm.cpp:1281
Event: 24358.652 Thread 0x000000000e3ba000 Threw 0x00000000f5e87d00 at C:\re\jdk7u71\1605\hotspot\src\share\vm\prims\jvm.cpp:1281
Event: 24358.652 Thread 0x000000000e3ba000 Threw 0x00000000f5e8eab8 at C:\re\jdk7u71\1605\hotspot\src\share\vm\prims\jvm.cpp:1281
Event: 24358.652 Thread 0x000000000e3ba000 Threw 0x00000000f5e8ee98 at C:\re\jdk7u71\1605\hotspot\src\share\vm\classfile\systemDictionary.cpp:185

Events (10 events):
Event: 24358.651 loading class 0x000000000e7d7020
Event: 24358.651 loading class 0x000000000e7d7020 done
Event: 24358.651 loading class 0x000000000e507780
Event: 24358.651 loading class 0x000000000e507780 done
Event: 24358.651 loading class 0x000000000e507780
Event: 24358.651 loading class 0x000000000e507780 done
Event: 24358.651 loading class 0x000000000e508320
Event: 24358.651 loading class 0x000000000e508320 done
Event: 24358.652 loading class 0x000000000e508320
Event: 24358.652 loading class 0x000000000e508320 done


Dynamic libraries:
0x00007ff7d0770000 - 0x00007ff7d07a3000 	C:\Program Files\Java\jdk1.7.0_71\bin\java.exe
0x00007ffd66280000 - 0x00007ffd6642c000 	C:\Windows\SYSTEM32\ntdll.dll
0x00007ffd65ae0000 - 0x00007ffd65c1e000 	C:\Windows\system32\KERNEL32.DLL
0x00007ffd637e0000 - 0x00007ffd638f5000 	C:\Windows\system32\KERNELBASE.dll
0x00007ffd61f20000 - 0x00007ffd61fae000 	C:\Windows\system32\apphelp.dll
0x00007ffd59d10000 - 0x00007ffd59d63000 	C:\Windows\AppPatch\AppPatch64\AcGenral.DLL
0x00007ffd65540000 - 0x00007ffd655ea000 	C:\Windows\system32\msvcrt.dll
0x00007ffd63270000 - 0x00007ffd6329e000 	C:\Windows\SYSTEM32\SspiCli.dll
0x00007ffd65120000 - 0x00007ffd65174000 	C:\Windows\system32\SHLWAPI.dll
0x00007ffd65960000 - 0x00007ffd65ad7000 	C:\Windows\system32\USER32.dll
0x00007ffd65dd0000 - 0x00007ffd65f64000 	C:\Windows\system32\ole32.dll
0x00007ffd63910000 - 0x00007ffd64e28000 	C:\Windows\system32\SHELL32.dll
0x00007ffd62970000 - 0x00007ffd62991000 	C:\Windows\SYSTEM32\USERENV.dll
0x00007ffd655f0000 - 0x00007ffd6569a000 	C:\Windows\system32\ADVAPI32.dll
0x00007ffd57800000 - 0x00007ffd5781e000 	C:\Windows\SYSTEM32\MPR.dll
0x00007ffd65c20000 - 0x00007ffd65d61000 	C:\Windows\system32\RPCRT4.dll
0x00007ffd65180000 - 0x00007ffd651d9000 	C:\Windows\SYSTEM32\sechost.dll
0x00007ffd64e40000 - 0x00007ffd65051000 	C:\Windows\SYSTEM32\combase.dll
0x00007ffd656a0000 - 0x00007ffd657f1000 	C:\Windows\system32\GDI32.dll
0x00007ffd633d0000 - 0x00007ffd633e5000 	C:\Windows\SYSTEM32\profapi.dll
0x00007ffd618d0000 - 0x00007ffd61982000 	C:\Windows\SYSTEM32\SHCORE.dll
0x00007ffd66240000 - 0x00007ffd66276000 	C:\Windows\system32\IMM32.DLL
0x00007ffd65800000 - 0x00007ffd65952000 	C:\Windows\system32\MSCTF.dll
0x00007ffd60fb0000 - 0x00007ffd6122b000 	C:\Windows\WinSxS\amd64_microsoft.windows.common-controls_6595b64144ccf1df_6.0.9600.17415_none_6240486fecbd8abb\COMCTL32.dll
0x00000000561a0000 - 0x0000000056272000 	C:\Program Files\Java\jdk1.7.0_71\jre\bin\msvcr100.dll
0x00000000565f0000 - 0x0000000056dc3000 	C:\Program Files\Java\jdk1.7.0_71\jre\bin\server\jvm.dll
0x00007ffd4e7b0000 - 0x00007ffd4e7b9000 	C:\Windows\SYSTEM32\WSOCK32.dll
0x00007ffd60bd0000 - 0x00007ffd60bf2000 	C:\Windows\SYSTEM32\WINMM.dll
0x00007ffd64e30000 - 0x00007ffd64e37000 	C:\Windows\system32\PSAPI.DLL
0x00007ffd65d70000 - 0x00007ffd65dca000 	C:\Windows\system32\WS2_32.dll
0x00007ffd60b90000 - 0x00007ffd60bba000 	C:\Windows\SYSTEM32\WINMMBASE.dll
0x00007ffd63900000 - 0x00007ffd63909000 	C:\Windows\system32\NSI.dll
0x00007ffd63790000 - 0x00007ffd637df000 	C:\Windows\SYSTEM32\cfgmgr32.dll
0x00007ffd62170000 - 0x00007ffd62198000 	C:\Windows\SYSTEM32\DEVOBJ.dll
0x00000000565e0000 - 0x00000000565ef000 	C:\Program Files\Java\jdk1.7.0_71\jre\bin\verify.dll
0x00000000565b0000 - 0x00000000565d8000 	C:\Program Files\Java\jdk1.7.0_71\jre\bin\java.dll
0x0000000056590000 - 0x00000000565a5000 	C:\Program Files\Java\jdk1.7.0_71\jre\bin\zip.dll
0x0000000056570000 - 0x0000000056589000 	C:\Program Files\Java\jdk1.7.0_71\jre\bin\net.dll
0x0000000180000000 - 0x0000000180078000 	C:\Windows\system32\ASProxy64.dll
0x00007ffd62be0000 - 0x00007ffd62c39000 	C:\Windows\SYSTEM32\MSWSOCK.dll
0x00007ffd62420000 - 0x00007ffd6244a000 	C:\Windows\SYSTEM32\IPHLPAPI.DLL
0x00007ffd65f70000 - 0x00007ffd66031000 	C:\Windows\system32\OLEAUT32.dll
0x00007ffd62410000 - 0x00007ffd6241a000 	C:\Windows\SYSTEM32\VERSION.dll
0x00007ffd62400000 - 0x00007ffd6240a000 	C:\Windows\SYSTEM32\WINNSI.DLL
0x00007ffd621c0000 - 0x00007ffd621cb000 	C:\Windows\SYSTEM32\kernel.appcore.dll
0x00007ffd63310000 - 0x00007ffd6331b000 	C:\Windows\SYSTEM32\CRYPTBASE.dll
0x00007ffd632a0000 - 0x00007ffd63303000 	C:\Windows\SYSTEM32\bcryptPrimitives.dll
0x00007ffd61fc0000 - 0x00007ffd620e9000 	C:\Windows\system32\uxtheme.dll
0x00007ffd65060000 - 0x00007ffd65116000 	C:\Windows\SYSTEM32\clbcatq.dll
0x00007ffd62ca0000 - 0x00007ffd62cc0000 	C:\Windows\SYSTEM32\CRYPTSP.dll
0x00007ffd62860000 - 0x00007ffd62896000 	C:\Windows\system32\rsaenh.dll
0x00007ffd62f60000 - 0x00007ffd62f86000 	C:\Windows\SYSTEM32\bcrypt.dll
0x00007ffd63320000 - 0x00007ffd633b9000 	C:\Windows\SYSTEM32\sxs.dll
0x0000000056550000 - 0x0000000056561000 	C:\Program Files\Java\jdk1.7.0_71\jre\bin\nio.dll
0x00007ffd5d660000 - 0x00007ffd5d676000 	C:\Windows\SYSTEM32\dhcpcsvc6.DLL
0x00007ffd5dba0000 - 0x00007ffd5dbba000 	C:\Windows\SYSTEM32\dhcpcsvc.DLL
0x00007ffd5e200000 - 0x00007ffd5e212000 	C:\Users\Stéphane\AppData\Local\Temp\native-platform5459180933212536074dir\native-platform.dll
0x0000000056050000 - 0x0000000056074000 	C:\Program Files\Java\jdk1.7.0_71\jre\bin\sunec.dll
0x0000000056040000 - 0x000000005604b000 	C:\Program Files\Java\jdk1.7.0_71\jre\bin\sunmscapi.dll
0x00007ffd63500000 - 0x00007ffd636df000 	C:\Windows\system32\CRYPT32.dll
0x00007ffd63480000 - 0x00007ffd63491000 	C:\Windows\system32\MSASN1.dll
0x00007ffd629e0000 - 0x00007ffd62a84000 	C:\Windows\SYSTEM32\DNSAPI.dll
0x0000000057130000 - 0x0000000057156000 	C:\Program Files\Bonjour\mdnsNSP.dll
0x00007ffd59120000 - 0x00007ffd5912a000 	C:\Windows\System32\rasadhlp.dll
0x00007ffd5d690000 - 0x00007ffd5d6fb000 	C:\Windows\System32\fwpuclnt.dll
0x00007ffd57d60000 - 0x00007ffd57d75000 	C:\Windows\system32\napinsp.dll
0x00007ffd57d80000 - 0x00007ffd57d9a000 	C:\Windows\system32\pnrpnsp.dll
0x00007ffd5e790000 - 0x00007ffd5e7ab000 	C:\Windows\system32\NLAapi.dll
0x00007ffd57da0000 - 0x00007ffd57dad000 	C:\Windows\System32\winrnr.dll
0x00007ffd57db0000 - 0x00007ffd57dc4000 	C:\Windows\system32\wshbth.dll
0x00007ffd4ea10000 - 0x00007ffd4eb9a000 	C:\Windows\SYSTEM32\dbghelp.dll

VM Arguments:
jvm_args: -XX:MaxPermSize=256m -XX:+HeapDumpOnOutOfMemoryError -Xmx1024m -Dfile.encoding=windows-1252 -Duser.country=FR -Duser.language=fr -Duser.variant 
java_command: org.gradle.launcher.daemon.bootstrap.GradleDaemon 2.2.1 C:\Users\Stéphane\.gradle\daemon 10800000 2a257004-758c-48de-ac48-dbf3af48d10f -XX:MaxPermSize=256m -XX:+HeapDumpOnOutOfMemoryError -Xmx1024m -Dfile.encoding=windows-1252 -Duser.country=FR -Duser.language=fr -Duser.variant
Launcher Type: SUN_STANDARD

Environment Variables:
PATH=C:\Windows\system32;C:\Windows;C:\Windows\System32\Wbem;C:\Windows\System32\WindowsPowerShell\v1.0\;C:\Program Files (x86)\Skype\Phone\
USERNAME=Stéphane
OS=Windows_NT
PROCESSOR_IDENTIFIER=Intel64 Family 6 Model 37 Stepping 5, GenuineIntel



---------------  S Y S T E M  ---------------

OS: Windows 8.1 , 64 bit Build 9600 

CPU:total 4 (2 cores per cpu, 2 threads per core) family 6 model 37 stepping 5, cmov, cx8, fxsr, mmx, sse, sse2, sse3, ssse3, sse4.1, sse4.2, popcnt, aes, ht, tsc, tscinvbit

Memory: 4k page, physical 4046208k(1058500k free), swap 6225768k(1294120k free)

vm_info: Java HotSpot(TM) 64-Bit Server VM (24.71-b01) for windows-amd64 JRE (1.7.0_71-b14), built on Sep 26 2014 16:16:12 by "java_re" with unknown MS VC++:1600

time: Fri May 08 21:20:31 2015
elapsed time: 24359 seconds

